{"/Users/adrienhaik/Desktop/Projects/bubblemaps-test/src/components/LanguageSwitcher.tsx": {"path":"/Users/adrienhaik/Desktop/Projects/bubblemaps-test/src/components/LanguageSwitcher.tsx","all":false,"statementMap":{"0":{"start":{"line":1,"column":0},"end":{"line":1,"column":47}},"3":{"start":{"line":4,"column":0},"end":{"line":4,"column":19}},"4":{"start":{"line":5,"column":0},"end":{"line":5,"column":49}},"5":{"start":{"line":6,"column":0},"end":{"line":6,"column":50}},"6":{"start":{"line":7,"column":0},"end":{"line":7,"column":2}},"8":{"start":{"line":9,"column":0},"end":{"line":9,"column":36}},"9":{"start":{"line":10,"column":0},"end":{"line":10,"column":39}},"11":{"start":{"line":12,"column":0},"end":{"line":12,"column":10}},"12":{"start":{"line":13,"column":0},"end":{"line":13,"column":32}},"13":{"start":{"line":14,"column":0},"end":{"line":14,"column":32}},"14":{"start":{"line":15,"column":0},"end":{"line":15,"column":15}},"15":{"start":{"line":16,"column":0},"end":{"line":16,"column":25}},"16":{"start":{"line":17,"column":0},"end":{"line":17,"column":56}},"17":{"start":{"line":18,"column":0},"end":{"line":18,"column":24}},"18":{"start":{"line":19,"column":0},"end":{"line":19,"column":139}},"19":{"start":{"line":20,"column":0},"end":{"line":20,"column":39}},"20":{"start":{"line":21,"column":0},"end":{"line":21,"column":67}},"21":{"start":{"line":22,"column":0},"end":{"line":22,"column":89}},"22":{"start":{"line":23,"column":0},"end":{"line":23,"column":12}},"23":{"start":{"line":24,"column":0},"end":{"line":24,"column":63}},"24":{"start":{"line":25,"column":0},"end":{"line":25,"column":28}},"26":{"start":{"line":27,"column":0},"end":{"line":27,"column":67}},"27":{"start":{"line":28,"column":0},"end":{"line":28,"column":77}},"28":{"start":{"line":29,"column":0},"end":{"line":29,"column":17}},"29":{"start":{"line":30,"column":0},"end":{"line":30,"column":9}},"30":{"start":{"line":31,"column":0},"end":{"line":31,"column":10}},"32":{"start":{"line":33,"column":0},"end":{"line":33,"column":1}}},"s":{"0":1,"3":1,"4":1,"5":1,"6":1,"8":1,"9":27,"11":27,"12":27,"13":27,"14":54,"15":54,"16":54,"17":54,"18":54,"19":54,"20":27,"21":27,"22":54,"23":54,"24":54,"26":54,"27":54,"28":54,"29":27,"30":27,"32":27},"branchMap":{"0":{"type":"branch","line":9,"loc":{"start":{"line":9,"column":7},"end":{"line":33,"column":1}},"locations":[{"start":{"line":9,"column":7},"end":{"line":33,"column":1}}]},"1":{"type":"branch","line":14,"loc":{"start":{"line":14,"column":21},"end":{"line":29,"column":17}},"locations":[{"start":{"line":14,"column":21},"end":{"line":29,"column":17}}]},"2":{"type":"branch","line":20,"loc":{"start":{"line":20,"column":35},"end":{"line":21,"column":67}},"locations":[{"start":{"line":20,"column":35},"end":{"line":21,"column":67}}]},"3":{"type":"branch","line":21,"loc":{"start":{"line":21,"column":16},"end":{"line":22,"column":89}},"locations":[{"start":{"line":21,"column":16},"end":{"line":22,"column":89}}]},"4":{"type":"branch","line":17,"loc":{"start":{"line":17,"column":19},"end":{"line":17,"column":56}},"locations":[{"start":{"line":17,"column":19},"end":{"line":17,"column":56}}]}},"b":{"0":[27],"1":[54],"2":[27],"3":[27],"4":[3]},"fnMap":{"0":{"name":"LanguageSwitcher","decl":{"start":{"line":9,"column":7},"end":{"line":33,"column":1}},"loc":{"start":{"line":9,"column":7},"end":{"line":33,"column":1}},"line":9},"1":{"name":"onClick","decl":{"start":{"line":17,"column":19},"end":{"line":17,"column":56}},"loc":{"start":{"line":17,"column":19},"end":{"line":17,"column":56}},"line":17}},"f":{"0":27,"1":3}}
,"/Users/adrienhaik/Desktop/Projects/bubblemaps-test/src/components/ThemeSwitcher.tsx": {"path":"/Users/adrienhaik/Desktop/Projects/bubblemaps-test/src/components/ThemeSwitcher.tsx","all":false,"statementMap":{"0":{"start":{"line":1,"column":0},"end":{"line":1,"column":41}},"4":{"start":{"line":5,"column":0},"end":{"line":5,"column":33}},"5":{"start":{"line":6,"column":0},"end":{"line":6,"column":44}},"6":{"start":{"line":7,"column":0},"end":{"line":7,"column":33}},"8":{"start":{"line":9,"column":0},"end":{"line":9,"column":10}},"9":{"start":{"line":10,"column":0},"end":{"line":10,"column":11}},"10":{"start":{"line":11,"column":0},"end":{"line":11,"column":27}},"11":{"start":{"line":12,"column":0},"end":{"line":12,"column":129}},"12":{"start":{"line":13,"column":0},"end":{"line":13,"column":36}},"13":{"start":{"line":14,"column":0},"end":{"line":14,"column":68}},"15":{"start":{"line":16,"column":0},"end":{"line":16,"column":28}},"16":{"start":{"line":17,"column":0},"end":{"line":17,"column":36}},"18":{"start":{"line":19,"column":0},"end":{"line":19,"column":35}},"20":{"start":{"line":21,"column":0},"end":{"line":21,"column":13}},"22":{"start":{"line":23,"column":0},"end":{"line":23,"column":1}}},"s":{"0":1,"4":1,"5":24,"6":24,"8":24,"9":24,"10":24,"11":24,"12":24,"13":24,"15":24,"16":22,"18":2,"20":24,"22":24},"branchMap":{"0":{"type":"branch","line":5,"loc":{"start":{"line":5,"column":7},"end":{"line":23,"column":1}},"locations":[{"start":{"line":5,"column":7},"end":{"line":23,"column":1}}]},"1":{"type":"branch","line":14,"loc":{"start":{"line":14,"column":23},"end":{"line":14,"column":51}},"locations":[{"start":{"line":14,"column":23},"end":{"line":14,"column":51}}]},"2":{"type":"branch","line":14,"loc":{"start":{"line":14,"column":47},"end":{"line":14,"column":68}},"locations":[{"start":{"line":14,"column":47},"end":{"line":14,"column":68}}]},"3":{"type":"branch","line":16,"loc":{"start":{"line":16,"column":17},"end":{"line":17,"column":36}},"locations":[{"start":{"line":16,"column":17},"end":{"line":17,"column":36}}]},"4":{"type":"branch","line":17,"loc":{"start":{"line":17,"column":34},"end":{"line":19,"column":35}},"locations":[{"start":{"line":17,"column":34},"end":{"line":19,"column":35}}]}},"b":{"0":[24],"1":[22],"2":[2],"3":[22],"4":[2]},"fnMap":{"0":{"name":"ThemeSwitcher","decl":{"start":{"line":5,"column":7},"end":{"line":23,"column":1}},"loc":{"start":{"line":5,"column":7},"end":{"line":23,"column":1}},"line":5}},"f":{"0":24}}
,"/Users/adrienhaik/Desktop/Projects/bubblemaps-test/src/contexts/ThemeContext.tsx": {"path":"/Users/adrienhaik/Desktop/Projects/bubblemaps-test/src/contexts/ThemeContext.tsx","all":false,"statementMap":{"0":{"start":{"line":1,"column":0},"end":{"line":1,"column":71}},"9":{"start":{"line":10,"column":0},"end":{"line":10,"column":76}},"11":{"start":{"line":12,"column":0},"end":{"line":12,"column":76}},"12":{"start":{"line":13,"column":0},"end":{"line":13,"column":51}},"13":{"start":{"line":14,"column":0},"end":{"line":14,"column":65}},"14":{"start":{"line":15,"column":0},"end":{"line":15,"column":30}},"15":{"start":{"line":16,"column":0},"end":{"line":16,"column":88}},"16":{"start":{"line":17,"column":0},"end":{"line":17,"column":5}},"18":{"start":{"line":19,"column":0},"end":{"line":19,"column":19}},"19":{"start":{"line":20,"column":0},"end":{"line":20,"column":42}},"20":{"start":{"line":21,"column":0},"end":{"line":21,"column":43}},"21":{"start":{"line":22,"column":0},"end":{"line":22,"column":30}},"22":{"start":{"line":23,"column":0},"end":{"line":23,"column":41}},"23":{"start":{"line":24,"column":0},"end":{"line":24,"column":14}},"25":{"start":{"line":26,"column":0},"end":{"line":26,"column":29}},"26":{"start":{"line":27,"column":0},"end":{"line":27,"column":62}},"27":{"start":{"line":28,"column":0},"end":{"line":28,"column":4}},"29":{"start":{"line":30,"column":0},"end":{"line":30,"column":10}},"30":{"start":{"line":31,"column":0},"end":{"line":31,"column":58}},"31":{"start":{"line":32,"column":0},"end":{"line":32,"column":16}},"32":{"start":{"line":33,"column":0},"end":{"line":33,"column":28}},"34":{"start":{"line":35,"column":0},"end":{"line":35,"column":1}},"36":{"start":{"line":37,"column":0},"end":{"line":37,"column":28}},"37":{"start":{"line":38,"column":0},"end":{"line":38,"column":43}},"38":{"start":{"line":39,"column":0},"end":{"line":39,"column":17}},"39":{"start":{"line":40,"column":0},"end":{"line":40,"column":66}},"40":{"start":{"line":41,"column":0},"end":{"line":41,"column":3}},"41":{"start":{"line":42,"column":0},"end":{"line":42,"column":17}},"42":{"start":{"line":43,"column":0},"end":{"line":43,"column":1}}},"s":{"0":1,"9":1,"11":1,"12":18,"13":15,"14":15,"15":15,"16":18,"18":18,"19":18,"20":18,"21":18,"22":18,"23":18,"25":18,"26":3,"27":3,"29":18,"30":18,"31":18,"32":18,"34":18,"36":1,"37":35,"38":35,"39":2,"40":2,"41":32,"42":32},"branchMap":{"0":{"type":"branch","line":12,"loc":{"start":{"line":12,"column":7},"end":{"line":35,"column":1}},"locations":[{"start":{"line":12,"column":7},"end":{"line":35,"column":1}}]},"1":{"type":"branch","line":13,"loc":{"start":{"line":13,"column":44},"end":{"line":17,"column":3}},"locations":[{"start":{"line":13,"column":44},"end":{"line":17,"column":3}}]},"2":{"type":"branch","line":15,"loc":{"start":{"line":15,"column":16},"end":{"line":15,"column":30}},"locations":[{"start":{"line":15,"column":16},"end":{"line":15,"column":30}}]},"3":{"type":"branch","line":15,"loc":{"start":{"line":15,"column":23},"end":{"line":16,"column":71}},"locations":[{"start":{"line":15,"column":23},"end":{"line":16,"column":71}}]},"4":{"type":"branch","line":16,"loc":{"start":{"line":16,"column":61},"end":{"line":16,"column":80}},"locations":[{"start":{"line":16,"column":61},"end":{"line":16,"column":80}}]},"5":{"type":"branch","line":16,"loc":{"start":{"line":16,"column":71},"end":{"line":16,"column":88}},"locations":[{"start":{"line":16,"column":71},"end":{"line":16,"column":88}}]},"6":{"type":"branch","line":19,"loc":{"start":{"line":19,"column":12},"end":{"line":24,"column":5}},"locations":[{"start":{"line":19,"column":12},"end":{"line":24,"column":5}}]},"7":{"type":"branch","line":26,"loc":{"start":{"line":26,"column":22},"end":{"line":28,"column":4}},"locations":[{"start":{"line":26,"column":22},"end":{"line":28,"column":4}}]},"8":{"type":"branch","line":27,"loc":{"start":{"line":27,"column":13},"end":{"line":27,"column":60}},"locations":[{"start":{"line":27,"column":13},"end":{"line":27,"column":60}}]},"9":{"type":"branch","line":27,"loc":{"start":{"line":27,"column":43},"end":{"line":27,"column":60}},"locations":[{"start":{"line":27,"column":43},"end":{"line":27,"column":60}}]},"10":{"type":"branch","line":37,"loc":{"start":{"line":37,"column":7},"end":{"line":43,"column":1}},"locations":[{"start":{"line":37,"column":7},"end":{"line":43,"column":1}}]},"11":{"type":"branch","line":39,"loc":{"start":{"line":39,"column":16},"end":{"line":41,"column":3}},"locations":[{"start":{"line":39,"column":16},"end":{"line":41,"column":3}}]},"12":{"type":"branch","line":41,"loc":{"start":{"line":41,"column":2},"end":{"line":43,"column":1}},"locations":[{"start":{"line":41,"column":2},"end":{"line":43,"column":1}}]}},"b":{"0":[18],"1":[15],"2":[8],"3":[7],"4":[1],"5":[6],"6":[18],"7":[3],"8":[3],"9":[0],"10":[35],"11":[2],"12":[32]},"fnMap":{"0":{"name":"ThemeProvider","decl":{"start":{"line":12,"column":7},"end":{"line":35,"column":1}},"loc":{"start":{"line":12,"column":7},"end":{"line":35,"column":1}},"line":12},"1":{"name":"toggleTheme","decl":{"start":{"line":26,"column":22},"end":{"line":28,"column":4}},"loc":{"start":{"line":26,"column":22},"end":{"line":28,"column":4}},"line":26},"2":{"name":"useTheme","decl":{"start":{"line":37,"column":7},"end":{"line":43,"column":1}},"loc":{"start":{"line":37,"column":7},"end":{"line":43,"column":1}},"line":37}},"f":{"0":18,"1":3,"2":35}}
,"/Users/adrienhaik/Desktop/Projects/bubblemaps-test/src/domains/Search/api/dexscreener.api.ts": {"path":"/Users/adrienhaik/Desktop/Projects/bubblemaps-test/src/domains/Search/api/dexscreener.api.ts","all":false,"statementMap":{"2":{"start":{"line":3,"column":0},"end":{"line":3,"column":47}},"4":{"start":{"line":5,"column":0},"end":{"line":5,"column":31}},"5":{"start":{"line":6,"column":0},"end":{"line":6,"column":71}},"6":{"start":{"line":7,"column":0},"end":{"line":7,"column":24}},"7":{"start":{"line":8,"column":0},"end":{"line":8,"column":53}},"8":{"start":{"line":9,"column":0},"end":{"line":9,"column":5}},"10":{"start":{"line":11,"column":0},"end":{"line":11,"column":33}},"11":{"start":{"line":12,"column":0},"end":{"line":12,"column":68}},"12":{"start":{"line":13,"column":0},"end":{"line":13,"column":6}},"14":{"start":{"line":15,"column":0},"end":{"line":15,"column":23}},"15":{"start":{"line":16,"column":0},"end":{"line":16,"column":71}},"16":{"start":{"line":17,"column":0},"end":{"line":17,"column":5}},"18":{"start":{"line":19,"column":0},"end":{"line":19,"column":27}},"19":{"start":{"line":20,"column":0},"end":{"line":20,"column":4}},"20":{"start":{"line":21,"column":0},"end":{"line":21,"column":2}}},"s":{"2":1,"4":1,"5":1,"6":7,"7":2,"8":2,"10":5,"11":5,"12":5,"14":7,"15":1,"16":1,"18":3,"19":7,"20":1},"branchMap":{"0":{"type":"branch","line":6,"loc":{"start":{"line":6,"column":15},"end":{"line":20,"column":4}},"locations":[{"start":{"line":6,"column":15},"end":{"line":20,"column":4}}]},"1":{"type":"branch","line":7,"loc":{"start":{"line":7,"column":23},"end":{"line":9,"column":5}},"locations":[{"start":{"line":7,"column":23},"end":{"line":9,"column":5}}]},"2":{"type":"branch","line":9,"loc":{"start":{"line":9,"column":4},"end":{"line":13,"column":6}},"locations":[{"start":{"line":9,"column":4},"end":{"line":13,"column":6}}]},"3":{"type":"branch","line":13,"loc":{"start":{"line":13,"column":4},"end":{"line":15,"column":22}},"locations":[{"start":{"line":13,"column":4},"end":{"line":15,"column":22}}]},"4":{"type":"branch","line":15,"loc":{"start":{"line":15,"column":22},"end":{"line":17,"column":5}},"locations":[{"start":{"line":15,"column":22},"end":{"line":17,"column":5}}]},"5":{"type":"branch","line":17,"loc":{"start":{"line":17,"column":4},"end":{"line":19,"column":27}},"locations":[{"start":{"line":17,"column":4},"end":{"line":19,"column":27}}]}},"b":{"0":[7],"1":[2],"2":[5],"3":[4],"4":[1],"5":[3]},"fnMap":{"0":{"name":"searchPairs","decl":{"start":{"line":6,"column":15},"end":{"line":20,"column":4}},"loc":{"start":{"line":6,"column":15},"end":{"line":20,"column":4}},"line":6}},"f":{"0":7}}
,"/Users/adrienhaik/Desktop/Projects/bubblemaps-test/src/domains/Search/components/EmptyState.tsx": {"path":"/Users/adrienhaik/Desktop/Projects/bubblemaps-test/src/domains/Search/components/EmptyState.tsx","all":false,"statementMap":{"0":{"start":{"line":1,"column":0},"end":{"line":1,"column":47}},"7":{"start":{"line":8,"column":0},"end":{"line":8,"column":62}},"8":{"start":{"line":9,"column":0},"end":{"line":9,"column":33}},"10":{"start":{"line":11,"column":0},"end":{"line":11,"column":10}},"11":{"start":{"line":12,"column":0},"end":{"line":12,"column":69}},"12":{"start":{"line":13,"column":0},"end":{"line":13,"column":93}},"13":{"start":{"line":14,"column":0},"end":{"line":14,"column":60}},"14":{"start":{"line":15,"column":0},"end":{"line":15,"column":12}},"16":{"start":{"line":17,"column":0},"end":{"line":17,"column":23}},"17":{"start":{"line":18,"column":0},"end":{"line":18,"column":10}},"18":{"start":{"line":19,"column":0},"end":{"line":19,"column":70}},"19":{"start":{"line":20,"column":0},"end":{"line":20,"column":38}},"20":{"start":{"line":21,"column":0},"end":{"line":21,"column":15}},"21":{"start":{"line":22,"column":0},"end":{"line":22,"column":68}},"22":{"start":{"line":23,"column":0},"end":{"line":23,"column":44}},"23":{"start":{"line":24,"column":0},"end":{"line":24,"column":14}},"24":{"start":{"line":25,"column":0},"end":{"line":25,"column":11}},"26":{"start":{"line":27,"column":0},"end":{"line":27,"column":10}},"27":{"start":{"line":28,"column":0},"end":{"line":28,"column":70}},"28":{"start":{"line":29,"column":0},"end":{"line":29,"column":40}},"29":{"start":{"line":30,"column":0},"end":{"line":30,"column":15}},"30":{"start":{"line":31,"column":0},"end":{"line":31,"column":68}},"31":{"start":{"line":32,"column":0},"end":{"line":32,"column":46}},"32":{"start":{"line":33,"column":0},"end":{"line":33,"column":14}},"33":{"start":{"line":34,"column":0},"end":{"line":34,"column":11}},"35":{"start":{"line":36,"column":0},"end":{"line":36,"column":10}},"37":{"start":{"line":38,"column":0},"end":{"line":38,"column":1}}},"s":{"0":1,"7":1,"8":10,"10":10,"11":10,"12":10,"13":10,"14":10,"16":10,"17":6,"18":6,"19":6,"20":6,"21":6,"22":6,"23":6,"24":6,"26":4,"27":4,"28":4,"29":4,"30":4,"31":4,"32":4,"33":4,"35":10,"37":10},"branchMap":{"0":{"type":"branch","line":8,"loc":{"start":{"line":8,"column":7},"end":{"line":38,"column":1}},"locations":[{"start":{"line":8,"column":7},"end":{"line":38,"column":1}}]},"1":{"type":"branch","line":17,"loc":{"start":{"line":17,"column":8},"end":{"line":25,"column":11}},"locations":[{"start":{"line":17,"column":8},"end":{"line":25,"column":11}}]},"2":{"type":"branch","line":25,"loc":{"start":{"line":25,"column":8},"end":{"line":34,"column":11}},"locations":[{"start":{"line":25,"column":8},"end":{"line":34,"column":11}}]}},"b":{"0":[10],"1":[6],"2":[4]},"fnMap":{"0":{"name":"EmptyState","decl":{"start":{"line":8,"column":7},"end":{"line":38,"column":1}},"loc":{"start":{"line":8,"column":7},"end":{"line":38,"column":1}},"line":8}},"f":{"0":10}}
,"/Users/adrienhaik/Desktop/Projects/bubblemaps-test/src/domains/Search/components/ErrorState.tsx": {"path":"/Users/adrienhaik/Desktop/Projects/bubblemaps-test/src/domains/Search/components/ErrorState.tsx","all":false,"statementMap":{"0":{"start":{"line":1,"column":0},"end":{"line":1,"column":47}},"8":{"start":{"line":9,"column":0},"end":{"line":9,"column":65}},"9":{"start":{"line":10,"column":0},"end":{"line":10,"column":33}},"11":{"start":{"line":12,"column":0},"end":{"line":12,"column":10}},"12":{"start":{"line":13,"column":0},"end":{"line":13,"column":69}},"13":{"start":{"line":14,"column":0},"end":{"line":14,"column":102}},"14":{"start":{"line":15,"column":0},"end":{"line":15,"column":60}},"15":{"start":{"line":16,"column":0},"end":{"line":16,"column":12}},"17":{"start":{"line":18,"column":0},"end":{"line":18,"column":66}},"18":{"start":{"line":19,"column":0},"end":{"line":19,"column":26}},"19":{"start":{"line":20,"column":0},"end":{"line":20,"column":11}},"20":{"start":{"line":21,"column":0},"end":{"line":21,"column":69}},"21":{"start":{"line":22,"column":0},"end":{"line":22,"column":45}},"22":{"start":{"line":23,"column":0},"end":{"line":23,"column":10}},"24":{"start":{"line":25,"column":0},"end":{"line":25,"column":19}},"25":{"start":{"line":26,"column":0},"end":{"line":26,"column":15}},"26":{"start":{"line":27,"column":0},"end":{"line":27,"column":27}},"27":{"start":{"line":28,"column":0},"end":{"line":28,"column":127}},"29":{"start":{"line":30,"column":0},"end":{"line":30,"column":28}},"30":{"start":{"line":31,"column":0},"end":{"line":31,"column":17}},"32":{"start":{"line":33,"column":0},"end":{"line":33,"column":10}},"34":{"start":{"line":35,"column":0},"end":{"line":35,"column":2}}},"s":{"0":1,"8":1,"9":7,"11":7,"12":7,"13":7,"14":7,"15":7,"17":7,"18":7,"19":7,"20":7,"21":7,"22":7,"24":7,"25":3,"26":3,"27":3,"29":3,"30":3,"32":7,"34":1},"branchMap":{"0":{"type":"branch","line":9,"loc":{"start":{"line":9,"column":7},"end":{"line":35,"column":1}},"locations":[{"start":{"line":9,"column":7},"end":{"line":35,"column":1}}]},"1":{"type":"branch","line":22,"loc":{"start":{"line":22,"column":15},"end":{"line":22,"column":45}},"locations":[{"start":{"line":22,"column":15},"end":{"line":22,"column":45}}]},"2":{"type":"branch","line":25,"loc":{"start":{"line":25,"column":7},"end":{"line":31,"column":17}},"locations":[{"start":{"line":25,"column":7},"end":{"line":31,"column":17}}]}},"b":{"0":[7],"1":[1],"2":[3]},"fnMap":{"0":{"name":"ErrorState","decl":{"start":{"line":9,"column":7},"end":{"line":35,"column":1}},"loc":{"start":{"line":9,"column":7},"end":{"line":35,"column":1}},"line":9}},"f":{"0":7}}
,"/Users/adrienhaik/Desktop/Projects/bubblemaps-test/src/domains/Search/components/LoadingState.tsx": {"path":"/Users/adrienhaik/Desktop/Projects/bubblemaps-test/src/domains/Search/components/LoadingState.tsx","all":false,"statementMap":{"0":{"start":{"line":1,"column":0},"end":{"line":1,"column":47}},"3":{"start":{"line":4,"column":0},"end":{"line":4,"column":32}},"4":{"start":{"line":5,"column":0},"end":{"line":5,"column":33}},"6":{"start":{"line":7,"column":0},"end":{"line":7,"column":10}},"7":{"start":{"line":8,"column":0},"end":{"line":8,"column":69}},"8":{"start":{"line":9,"column":0},"end":{"line":9,"column":75}},"9":{"start":{"line":10,"column":0},"end":{"line":10,"column":78}},"10":{"start":{"line":11,"column":0},"end":{"line":11,"column":10}},"12":{"start":{"line":13,"column":0},"end":{"line":13,"column":2}}},"s":{"0":1,"3":1,"4":7,"6":7,"7":7,"8":7,"9":7,"10":7,"12":1},"branchMap":{"0":{"type":"branch","line":4,"loc":{"start":{"line":4,"column":7},"end":{"line":13,"column":1}},"locations":[{"start":{"line":4,"column":7},"end":{"line":13,"column":1}}]}},"b":{"0":[7]},"fnMap":{"0":{"name":"LoadingState","decl":{"start":{"line":4,"column":7},"end":{"line":13,"column":1}},"loc":{"start":{"line":4,"column":7},"end":{"line":13,"column":1}},"line":4}},"f":{"0":7}}
,"/Users/adrienhaik/Desktop/Projects/bubblemaps-test/src/domains/Search/components/Pagination.tsx": {"path":"/Users/adrienhaik/Desktop/Projects/bubblemaps-test/src/domains/Search/components/Pagination.tsx","all":false,"statementMap":{"0":{"start":{"line":1,"column":0},"end":{"line":1,"column":47}},"18":{"start":{"line":19,"column":0},"end":{"line":19,"column":28}},"19":{"start":{"line":20,"column":0},"end":{"line":20,"column":14}},"20":{"start":{"line":21,"column":0},"end":{"line":21,"column":13}},"21":{"start":{"line":22,"column":0},"end":{"line":22,"column":15}},"22":{"start":{"line":23,"column":0},"end":{"line":23,"column":9}},"23":{"start":{"line":24,"column":0},"end":{"line":24,"column":13}},"24":{"start":{"line":25,"column":0},"end":{"line":25,"column":10}},"25":{"start":{"line":26,"column":0},"end":{"line":26,"column":9}},"26":{"start":{"line":27,"column":0},"end":{"line":27,"column":10}},"27":{"start":{"line":28,"column":0},"end":{"line":28,"column":14}},"28":{"start":{"line":29,"column":0},"end":{"line":29,"column":12}},"29":{"start":{"line":30,"column":0},"end":{"line":30,"column":13}},"30":{"start":{"line":31,"column":0},"end":{"line":31,"column":21}},"31":{"start":{"line":32,"column":0},"end":{"line":32,"column":33}},"33":{"start":{"line":34,"column":0},"end":{"line":34,"column":32}},"34":{"start":{"line":35,"column":0},"end":{"line":35,"column":42}},"35":{"start":{"line":36,"column":0},"end":{"line":36,"column":25}},"37":{"start":{"line":38,"column":0},"end":{"line":38,"column":35}},"38":{"start":{"line":39,"column":0},"end":{"line":39,"column":45}},"39":{"start":{"line":40,"column":0},"end":{"line":40,"column":22}},"40":{"start":{"line":41,"column":0},"end":{"line":41,"column":7}},"41":{"start":{"line":42,"column":0},"end":{"line":42,"column":12}},"42":{"start":{"line":43,"column":0},"end":{"line":43,"column":29}},"43":{"start":{"line":44,"column":0},"end":{"line":44,"column":38}},"44":{"start":{"line":45,"column":0},"end":{"line":45,"column":24}},"45":{"start":{"line":46,"column":0},"end":{"line":46,"column":9}},"46":{"start":{"line":47,"column":0},"end":{"line":47,"column":26}},"47":{"start":{"line":48,"column":0},"end":{"line":48,"column":31}},"48":{"start":{"line":49,"column":0},"end":{"line":49,"column":49}},"49":{"start":{"line":50,"column":0},"end":{"line":50,"column":22}},"50":{"start":{"line":51,"column":0},"end":{"line":51,"column":26}},"51":{"start":{"line":52,"column":0},"end":{"line":52,"column":60}},"52":{"start":{"line":53,"column":0},"end":{"line":53,"column":24}},"53":{"start":{"line":54,"column":0},"end":{"line":54,"column":9}},"54":{"start":{"line":55,"column":0},"end":{"line":55,"column":14}},"55":{"start":{"line":56,"column":0},"end":{"line":56,"column":22}},"56":{"start":{"line":57,"column":0},"end":{"line":57,"column":26}},"57":{"start":{"line":58,"column":0},"end":{"line":58,"column":36}},"58":{"start":{"line":59,"column":0},"end":{"line":59,"column":32}},"59":{"start":{"line":60,"column":0},"end":{"line":60,"column":36}},"60":{"start":{"line":61,"column":0},"end":{"line":61,"column":26}},"61":{"start":{"line":62,"column":0},"end":{"line":62,"column":31}},"62":{"start":{"line":63,"column":0},"end":{"line":63,"column":7}},"63":{"start":{"line":64,"column":0},"end":{"line":64,"column":5}},"65":{"start":{"line":66,"column":0},"end":{"line":66,"column":17}},"66":{"start":{"line":67,"column":0},"end":{"line":67,"column":4}},"68":{"start":{"line":69,"column":0},"end":{"line":69,"column":36}},"70":{"start":{"line":71,"column":0},"end":{"line":71,"column":10}},"71":{"start":{"line":72,"column":0},"end":{"line":72,"column":76}},"72":{"start":{"line":73,"column":0},"end":{"line":73,"column":81}},"73":{"start":{"line":74,"column":0},"end":{"line":74,"column":100}},"74":{"start":{"line":75,"column":0},"end":{"line":75,"column":12}},"76":{"start":{"line":77,"column":0},"end":{"line":77,"column":81}},"77":{"start":{"line":78,"column":0},"end":{"line":78,"column":15}},"78":{"start":{"line":79,"column":0},"end":{"line":79,"column":27}},"79":{"start":{"line":80,"column":0},"end":{"line":80,"column":33}},"80":{"start":{"line":81,"column":0},"end":{"line":81,"column":24}},"81":{"start":{"line":82,"column":0},"end":{"line":82,"column":54}},"82":{"start":{"line":83,"column":0},"end":{"line":83,"column":23}},"83":{"start":{"line":84,"column":0},"end":{"line":84,"column":75}},"84":{"start":{"line":85,"column":0},"end":{"line":85,"column":60}},"85":{"start":{"line":86,"column":0},"end":{"line":86,"column":12}},"86":{"start":{"line":87,"column":0},"end":{"line":87,"column":44}},"88":{"start":{"line":89,"column":0},"end":{"line":89,"column":64}},"89":{"start":{"line":90,"column":0},"end":{"line":90,"column":17}},"91":{"start":{"line":92,"column":0},"end":{"line":92,"column":15}},"92":{"start":{"line":93,"column":0},"end":{"line":93,"column":30}},"93":{"start":{"line":94,"column":0},"end":{"line":94,"column":33}},"94":{"start":{"line":95,"column":0},"end":{"line":95,"column":24}},"95":{"start":{"line":96,"column":0},"end":{"line":96,"column":54}},"96":{"start":{"line":97,"column":0},"end":{"line":97,"column":23}},"97":{"start":{"line":98,"column":0},"end":{"line":98,"column":75}},"98":{"start":{"line":99,"column":0},"end":{"line":99,"column":60}},"99":{"start":{"line":100,"column":0},"end":{"line":100,"column":12}},"100":{"start":{"line":101,"column":0},"end":{"line":101,"column":47}},"102":{"start":{"line":103,"column":0},"end":{"line":103,"column":63}},"103":{"start":{"line":104,"column":0},"end":{"line":104,"column":17}},"105":{"start":{"line":106,"column":0},"end":{"line":106,"column":49}},"106":{"start":{"line":107,"column":0},"end":{"line":107,"column":50}},"107":{"start":{"line":108,"column":0},"end":{"line":108,"column":33}},"108":{"start":{"line":109,"column":0},"end":{"line":109,"column":22}},"109":{"start":{"line":110,"column":0},"end":{"line":110,"column":131}},"111":{"start":{"line":112,"column":0},"end":{"line":112,"column":23}},"113":{"start":{"line":114,"column":0},"end":{"line":114,"column":13}},"115":{"start":{"line":116,"column":0},"end":{"line":116,"column":20}},"116":{"start":{"line":117,"column":0},"end":{"line":117,"column":21}},"117":{"start":{"line":118,"column":0},"end":{"line":118,"column":26}},"118":{"start":{"line":119,"column":0},"end":{"line":119,"column":60}},"119":{"start":{"line":120,"column":0},"end":{"line":120,"column":30}},"120":{"start":{"line":121,"column":0},"end":{"line":121,"column":176}},"121":{"start":{"line":122,"column":0},"end":{"line":122,"column":38}},"122":{"start":{"line":123,"column":0},"end":{"line":123,"column":73}},"123":{"start":{"line":124,"column":0},"end":{"line":124,"column":37}},"124":{"start":{"line":125,"column":0},"end":{"line":125,"column":18}},"126":{"start":{"line":127,"column":0},"end":{"line":127,"column":22}},"127":{"start":{"line":128,"column":0},"end":{"line":128,"column":23}},"129":{"start":{"line":130,"column":0},"end":{"line":130,"column":13}},"130":{"start":{"line":131,"column":0},"end":{"line":131,"column":14}},"132":{"start":{"line":133,"column":0},"end":{"line":133,"column":15}},"133":{"start":{"line":134,"column":0},"end":{"line":134,"column":26}},"134":{"start":{"line":135,"column":0},"end":{"line":135,"column":29}},"135":{"start":{"line":136,"column":0},"end":{"line":136,"column":24}},"136":{"start":{"line":137,"column":0},"end":{"line":137,"column":51}},"137":{"start":{"line":138,"column":0},"end":{"line":138,"column":59}},"138":{"start":{"line":139,"column":0},"end":{"line":139,"column":91}},"139":{"start":{"line":140,"column":0},"end":{"line":140,"column":12}},"140":{"start":{"line":141,"column":0},"end":{"line":141,"column":32}},"142":{"start":{"line":143,"column":0},"end":{"line":143,"column":64}},"143":{"start":{"line":144,"column":0},"end":{"line":144,"column":17}},"145":{"start":{"line":146,"column":0},"end":{"line":146,"column":15}},"146":{"start":{"line":147,"column":0},"end":{"line":147,"column":26}},"147":{"start":{"line":148,"column":0},"end":{"line":148,"column":29}},"148":{"start":{"line":149,"column":0},"end":{"line":149,"column":24}},"149":{"start":{"line":150,"column":0},"end":{"line":150,"column":51}},"150":{"start":{"line":151,"column":0},"end":{"line":151,"column":59}},"151":{"start":{"line":152,"column":0},"end":{"line":152,"column":91}},"152":{"start":{"line":153,"column":0},"end":{"line":153,"column":12}},"153":{"start":{"line":154,"column":0},"end":{"line":154,"column":32}},"155":{"start":{"line":156,"column":0},"end":{"line":156,"column":65}},"156":{"start":{"line":157,"column":0},"end":{"line":157,"column":17}},"157":{"start":{"line":158,"column":0},"end":{"line":158,"column":12}},"158":{"start":{"line":159,"column":0},"end":{"line":159,"column":10}},"160":{"start":{"line":161,"column":0},"end":{"line":161,"column":2}}},"s":{"0":1,"18":1,"19":21,"20":21,"21":21,"22":21,"23":21,"24":21,"25":21,"26":21,"27":21,"28":21,"29":21,"30":21,"31":21,"33":21,"34":20,"35":20,"37":20,"38":17,"39":63,"40":63,"41":20,"42":3,"43":1,"44":4,"45":4,"46":1,"47":1,"48":3,"49":1,"50":1,"51":1,"52":4,"53":4,"54":1,"55":1,"56":1,"57":1,"58":1,"59":1,"60":1,"61":1,"62":1,"63":3,"65":20,"66":20,"68":21,"70":20,"71":20,"72":20,"73":20,"74":20,"76":20,"77":20,"78":20,"79":20,"80":20,"81":20,"82":20,"83":2,"84":18,"85":21,"86":21,"88":21,"89":21,"91":21,"92":21,"93":21,"94":21,"95":21,"96":21,"97":2,"98":18,"99":21,"100":21,"102":21,"103":21,"105":21,"106":21,"107":82,"108":4,"109":4,"111":4,"113":4,"115":78,"116":78,"117":78,"118":78,"119":78,"120":78,"121":78,"122":20,"123":58,"124":82,"126":82,"127":82,"129":21,"130":21,"132":21,"133":21,"134":21,"135":21,"136":21,"137":21,"138":21,"139":21,"140":21,"142":21,"143":21,"145":21,"146":21,"147":21,"148":21,"149":21,"150":21,"151":21,"152":21,"153":21,"155":21,"156":21,"157":21,"158":21,"160":1},"branchMap":{"0":{"type":"branch","line":19,"loc":{"start":{"line":19,"column":7},"end":{"line":161,"column":1}},"locations":[{"start":{"line":19,"column":7},"end":{"line":161,"column":1}}]},"1":{"type":"branch","line":69,"loc":{"start":{"line":69,"column":24},"end":{"line":69,"column":36}},"locations":[{"start":{"line":69,"column":24},"end":{"line":69,"column":36}}]},"2":{"type":"branch","line":69,"loc":{"start":{"line":69,"column":31},"end":{"line":83,"column":23}},"locations":[{"start":{"line":69,"column":31},"end":{"line":83,"column":23}}]},"3":{"type":"branch","line":83,"loc":{"start":{"line":83,"column":12},"end":{"line":84,"column":75}},"locations":[{"start":{"line":83,"column":12},"end":{"line":84,"column":75}}]},"4":{"type":"branch","line":84,"loc":{"start":{"line":84,"column":16},"end":{"line":85,"column":60}},"locations":[{"start":{"line":84,"column":16},"end":{"line":85,"column":60}}]},"5":{"type":"branch","line":97,"loc":{"start":{"line":97,"column":12},"end":{"line":98,"column":75}},"locations":[{"start":{"line":97,"column":12},"end":{"line":98,"column":75}}]},"6":{"type":"branch","line":98,"loc":{"start":{"line":98,"column":16},"end":{"line":99,"column":60}},"locations":[{"start":{"line":98,"column":16},"end":{"line":99,"column":60}}]},"7":{"type":"branch","line":34,"loc":{"start":{"line":34,"column":25},"end":{"line":67,"column":4}},"locations":[{"start":{"line":34,"column":25},"end":{"line":67,"column":4}}]},"8":{"type":"branch","line":38,"loc":{"start":{"line":38,"column":34},"end":{"line":42,"column":11}},"locations":[{"start":{"line":38,"column":34},"end":{"line":42,"column":11}}]},"9":{"type":"branch","line":39,"loc":{"start":{"line":39,"column":44},"end":{"line":41,"column":7}},"locations":[{"start":{"line":39,"column":44},"end":{"line":41,"column":7}}]},"10":{"type":"branch","line":42,"loc":{"start":{"line":42,"column":4},"end":{"line":64,"column":5}},"locations":[{"start":{"line":42,"column":4},"end":{"line":64,"column":5}}]},"11":{"type":"branch","line":43,"loc":{"start":{"line":43,"column":28},"end":{"line":49,"column":17}},"locations":[{"start":{"line":43,"column":28},"end":{"line":49,"column":17}}]},"12":{"type":"branch","line":44,"loc":{"start":{"line":44,"column":37},"end":{"line":46,"column":9}},"locations":[{"start":{"line":44,"column":37},"end":{"line":46,"column":9}}]},"13":{"type":"branch","line":49,"loc":{"start":{"line":49,"column":6},"end":{"line":63,"column":7}},"locations":[{"start":{"line":49,"column":6},"end":{"line":63,"column":7}}]},"14":{"type":"branch","line":49,"loc":{"start":{"line":49,"column":48},"end":{"line":63,"column":7}},"locations":[{"start":{"line":49,"column":48},"end":{"line":63,"column":7}}]},"15":{"type":"branch","line":52,"loc":{"start":{"line":52,"column":59},"end":{"line":54,"column":9}},"locations":[{"start":{"line":52,"column":59},"end":{"line":54,"column":9}}]},"16":{"type":"branch","line":107,"loc":{"start":{"line":107,"column":32},"end":{"line":130,"column":11}},"locations":[{"start":{"line":107,"column":32},"end":{"line":130,"column":11}}]},"17":{"type":"branch","line":108,"loc":{"start":{"line":108,"column":32},"end":{"line":114,"column":13}},"locations":[{"start":{"line":108,"column":32},"end":{"line":114,"column":13}}]},"18":{"type":"branch","line":114,"loc":{"start":{"line":114,"column":12},"end":{"line":122,"column":38}},"locations":[{"start":{"line":114,"column":12},"end":{"line":122,"column":38}}]},"19":{"type":"branch","line":122,"loc":{"start":{"line":122,"column":34},"end":{"line":123,"column":73}},"locations":[{"start":{"line":122,"column":34},"end":{"line":123,"column":73}}]},"20":{"type":"branch","line":123,"loc":{"start":{"line":123,"column":22},"end":{"line":124,"column":37}},"locations":[{"start":{"line":123,"column":22},"end":{"line":124,"column":37}}]},"21":{"type":"branch","line":119,"loc":{"start":{"line":119,"column":25},"end":{"line":119,"column":60}},"locations":[{"start":{"line":119,"column":25},"end":{"line":119,"column":60}}]}},"b":{"0":[21],"1":[1],"2":[20],"3":[2],"4":[18],"5":[2],"6":[18],"7":[20],"8":[17],"9":[63],"10":[3],"11":[1],"12":[4],"13":[2],"14":[1],"15":[4],"16":[82],"17":[4],"18":[78],"19":[20],"20":[58],"21":[1]},"fnMap":{"0":{"name":"Pagination","decl":{"start":{"line":19,"column":7},"end":{"line":161,"column":1}},"loc":{"start":{"line":19,"column":7},"end":{"line":161,"column":1}},"line":19},"1":{"name":"getPageNumbers","decl":{"start":{"line":34,"column":25},"end":{"line":67,"column":4}},"loc":{"start":{"line":34,"column":25},"end":{"line":67,"column":4}},"line":34},"2":{"name":"onClick","decl":{"start":{"line":119,"column":25},"end":{"line":119,"column":60}},"loc":{"start":{"line":119,"column":25},"end":{"line":119,"column":60}},"line":119}},"f":{"0":21,"1":20,"2":1}}
,"/Users/adrienhaik/Desktop/Projects/bubblemaps-test/src/domains/Search/components/PairCard.tsx": {"path":"/Users/adrienhaik/Desktop/Projects/bubblemaps-test/src/domains/Search/components/PairCard.tsx","all":false,"statementMap":{"0":{"start":{"line":1,"column":0},"end":{"line":1,"column":47}},"9":{"start":{"line":10,"column":0},"end":{"line":10,"column":51}},"10":{"start":{"line":11,"column":0},"end":{"line":11,"column":33}},"12":{"start":{"line":13,"column":0},"end":{"line":13,"column":45}},"14":{"start":{"line":15,"column":0},"end":{"line":15,"column":10}},"15":{"start":{"line":16,"column":0},"end":{"line":16,"column":155}},"16":{"start":{"line":17,"column":0},"end":{"line":17,"column":67}},"17":{"start":{"line":18,"column":0},"end":{"line":18,"column":32}},"18":{"start":{"line":19,"column":0},"end":{"line":19,"column":56}},"19":{"start":{"line":20,"column":0},"end":{"line":20,"column":103}},"20":{"start":{"line":21,"column":0},"end":{"line":21,"column":100}},"21":{"start":{"line":22,"column":0},"end":{"line":22,"column":28}},"22":{"start":{"line":23,"column":0},"end":{"line":23,"column":19}},"23":{"start":{"line":24,"column":0},"end":{"line":24,"column":16}},"24":{"start":{"line":25,"column":0},"end":{"line":25,"column":82}},"25":{"start":{"line":26,"column":0},"end":{"line":26,"column":14}},"26":{"start":{"line":27,"column":0},"end":{"line":27,"column":10}},"27":{"start":{"line":28,"column":0},"end":{"line":28,"column":25}},"28":{"start":{"line":29,"column":0},"end":{"line":29,"column":25}},"29":{"start":{"line":30,"column":0},"end":{"line":30,"column":35}},"30":{"start":{"line":31,"column":0},"end":{"line":31,"column":109}},"31":{"start":{"line":32,"column":0},"end":{"line":32,"column":34}},"32":{"start":{"line":33,"column":0},"end":{"line":33,"column":39}},"34":{"start":{"line":35,"column":0},"end":{"line":35,"column":46}},"35":{"start":{"line":36,"column":0},"end":{"line":36,"column":12}},"36":{"start":{"line":37,"column":0},"end":{"line":37,"column":12}},"38":{"start":{"line":39,"column":0},"end":{"line":39,"column":33}},"39":{"start":{"line":40,"column":0},"end":{"line":40,"column":59}},"40":{"start":{"line":41,"column":0},"end":{"line":41,"column":70}},"41":{"start":{"line":42,"column":0},"end":{"line":42,"column":66}},"42":{"start":{"line":43,"column":0},"end":{"line":43,"column":36}},"43":{"start":{"line":44,"column":0},"end":{"line":44,"column":17}},"44":{"start":{"line":45,"column":0},"end":{"line":45,"column":14}},"46":{"start":{"line":47,"column":0},"end":{"line":47,"column":59}},"47":{"start":{"line":48,"column":0},"end":{"line":48,"column":75}},"48":{"start":{"line":49,"column":0},"end":{"line":49,"column":14}},"49":{"start":{"line":50,"column":0},"end":{"line":50,"column":26}},"50":{"start":{"line":51,"column":0},"end":{"line":51,"column":54}},"51":{"start":{"line":52,"column":0},"end":{"line":52,"column":59}},"52":{"start":{"line":53,"column":0},"end":{"line":53,"column":14}},"54":{"start":{"line":55,"column":0},"end":{"line":55,"column":26}},"55":{"start":{"line":56,"column":0},"end":{"line":56,"column":48}},"57":{"start":{"line":58,"column":0},"end":{"line":58,"column":50}},"59":{"start":{"line":60,"column":0},"end":{"line":60,"column":64}},"60":{"start":{"line":61,"column":0},"end":{"line":61,"column":16}},"61":{"start":{"line":62,"column":0},"end":{"line":62,"column":14}},"63":{"start":{"line":64,"column":0},"end":{"line":64,"column":59}},"64":{"start":{"line":65,"column":0},"end":{"line":65,"column":75}},"65":{"start":{"line":66,"column":0},"end":{"line":66,"column":64}},"66":{"start":{"line":67,"column":0},"end":{"line":67,"column":43}},"67":{"start":{"line":68,"column":0},"end":{"line":68,"column":17}},"68":{"start":{"line":69,"column":0},"end":{"line":69,"column":14}},"70":{"start":{"line":71,"column":0},"end":{"line":71,"column":59}},"71":{"start":{"line":72,"column":0},"end":{"line":72,"column":74}},"72":{"start":{"line":73,"column":0},"end":{"line":73,"column":64}},"73":{"start":{"line":74,"column":0},"end":{"line":74,"column":37}},"74":{"start":{"line":75,"column":0},"end":{"line":75,"column":17}},"75":{"start":{"line":76,"column":0},"end":{"line":76,"column":14}},"77":{"start":{"line":78,"column":0},"end":{"line":78,"column":28}},"78":{"start":{"line":79,"column":0},"end":{"line":79,"column":61}},"79":{"start":{"line":80,"column":0},"end":{"line":80,"column":77}},"80":{"start":{"line":81,"column":0},"end":{"line":81,"column":66}},"81":{"start":{"line":82,"column":0},"end":{"line":82,"column":45}},"82":{"start":{"line":83,"column":0},"end":{"line":83,"column":19}},"83":{"start":{"line":84,"column":0},"end":{"line":84,"column":16}},"85":{"start":{"line":86,"column":0},"end":{"line":86,"column":12}},"87":{"start":{"line":88,"column":0},"end":{"line":88,"column":49}},"88":{"start":{"line":89,"column":0},"end":{"line":89,"column":51}},"89":{"start":{"line":90,"column":0},"end":{"line":90,"column":46}},"90":{"start":{"line":91,"column":0},"end":{"line":91,"column":17}},"91":{"start":{"line":92,"column":0},"end":{"line":92,"column":25}},"92":{"start":{"line":93,"column":0},"end":{"line":93,"column":87}},"94":{"start":{"line":95,"column":0},"end":{"line":95,"column":21}},"95":{"start":{"line":96,"column":0},"end":{"line":96,"column":19}},"96":{"start":{"line":97,"column":0},"end":{"line":97,"column":13}},"97":{"start":{"line":98,"column":0},"end":{"line":98,"column":14}},"99":{"start":{"line":100,"column":0},"end":{"line":100,"column":10}},"101":{"start":{"line":102,"column":0},"end":{"line":102,"column":1}},"103":{"start":{"line":104,"column":0},"end":{"line":104,"column":34}}},"s":{"0":1,"9":1,"10":55,"12":55,"14":55,"15":55,"16":55,"17":55,"18":55,"19":55,"20":55,"21":55,"22":55,"23":55,"24":55,"25":55,"26":55,"27":55,"28":55,"29":55,"30":55,"31":55,"32":55,"34":55,"35":55,"36":55,"38":55,"39":55,"40":55,"41":55,"42":55,"43":55,"44":55,"46":55,"47":55,"48":55,"49":55,"50":55,"51":55,"52":55,"54":55,"55":54,"57":1,"59":55,"60":55,"61":55,"63":55,"64":55,"65":55,"66":55,"67":55,"68":55,"70":55,"71":55,"72":55,"73":55,"74":55,"75":55,"77":55,"78":54,"79":54,"80":54,"81":54,"82":54,"83":54,"85":55,"87":55,"88":1,"89":1,"90":2,"91":2,"92":2,"94":2,"95":2,"96":1,"97":1,"99":55,"101":55,"103":1},"branchMap":{"0":{"type":"branch","line":10,"loc":{"start":{"line":10,"column":7},"end":{"line":102,"column":1}},"locations":[{"start":{"line":10,"column":7},"end":{"line":102,"column":1}}]},"1":{"type":"branch","line":52,"loc":{"start":{"line":52,"column":14},"end":{"line":52,"column":45}},"locations":[{"start":{"line":52,"column":14},"end":{"line":52,"column":45}}]},"2":{"type":"branch","line":52,"loc":{"start":{"line":52,"column":26},"end":{"line":52,"column":59}},"locations":[{"start":{"line":52,"column":26},"end":{"line":52,"column":59}}]},"3":{"type":"branch","line":55,"loc":{"start":{"line":55,"column":13},"end":{"line":56,"column":48}},"locations":[{"start":{"line":55,"column":13},"end":{"line":56,"column":48}}]},"4":{"type":"branch","line":56,"loc":{"start":{"line":56,"column":46},"end":{"line":58,"column":50}},"locations":[{"start":{"line":56,"column":46},"end":{"line":58,"column":50}}]},"5":{"type":"branch","line":78,"loc":{"start":{"line":78,"column":14},"end":{"line":84,"column":16}},"locations":[{"start":{"line":78,"column":14},"end":{"line":84,"column":16}}]},"6":{"type":"branch","line":88,"loc":{"start":{"line":88,"column":12},"end":{"line":88,"column":49}},"locations":[{"start":{"line":88,"column":12},"end":{"line":88,"column":49}}]},"7":{"type":"branch","line":88,"loc":{"start":{"line":88,"column":43},"end":{"line":98,"column":14}},"locations":[{"start":{"line":88,"column":43},"end":{"line":98,"column":14}}]},"8":{"type":"branch","line":90,"loc":{"start":{"line":90,"column":27},"end":{"line":96,"column":19}},"locations":[{"start":{"line":90,"column":27},"end":{"line":96,"column":19}}]}},"b":{"0":[55],"1":[54],"2":[1],"3":[54],"4":[1],"5":[54],"6":[1],"7":[1],"8":[2]},"fnMap":{"0":{"name":"PairCard","decl":{"start":{"line":10,"column":7},"end":{"line":102,"column":1}},"loc":{"start":{"line":10,"column":7},"end":{"line":102,"column":1}},"line":10}},"f":{"0":55}}
,"/Users/adrienhaik/Desktop/Projects/bubblemaps-test/src/domains/Search/components/SearchForm.tsx": {"path":"/Users/adrienhaik/Desktop/Projects/bubblemaps-test/src/domains/Search/components/SearchForm.tsx","all":false,"statementMap":{"0":{"start":{"line":1,"column":0},"end":{"line":1,"column":42}},"14":{"start":{"line":15,"column":0},"end":{"line":15,"column":73}},"15":{"start":{"line":16,"column":0},"end":{"line":16,"column":33}},"16":{"start":{"line":17,"column":0},"end":{"line":17,"column":9}},"17":{"start":{"line":18,"column":0},"end":{"line":18,"column":13}},"18":{"start":{"line":19,"column":0},"end":{"line":19,"column":17}},"19":{"start":{"line":20,"column":0},"end":{"line":20,"column":26}},"20":{"start":{"line":21,"column":0},"end":{"line":21,"column":32}},"22":{"start":{"line":23,"column":0},"end":{"line":23,"column":46}},"23":{"start":{"line":24,"column":0},"end":{"line":24,"column":25}},"24":{"start":{"line":25,"column":0},"end":{"line":25,"column":4}},"26":{"start":{"line":27,"column":0},"end":{"line":27,"column":10}},"27":{"start":{"line":28,"column":0},"end":{"line":28,"column":81}},"28":{"start":{"line":29,"column":0},"end":{"line":29,"column":32}},"29":{"start":{"line":30,"column":0},"end":{"line":30,"column":102}},"30":{"start":{"line":31,"column":0},"end":{"line":31,"column":76}},"31":{"start":{"line":32,"column":0},"end":{"line":32,"column":14}},"32":{"start":{"line":33,"column":0},"end":{"line":33,"column":14}},"33":{"start":{"line":34,"column":0},"end":{"line":34,"column":33}},"34":{"start":{"line":35,"column":0},"end":{"line":35,"column":54}},"35":{"start":{"line":36,"column":0},"end":{"line":36,"column":24}},"36":{"start":{"line":37,"column":0},"end":{"line":37,"column":23}},"37":{"start":{"line":38,"column":0},"end":{"line":38,"column":56}},"38":{"start":{"line":39,"column":0},"end":{"line":39,"column":14}},"39":{"start":{"line":40,"column":0},"end":{"line":40,"column":13}},"40":{"start":{"line":41,"column":0},"end":{"line":41,"column":21}},"41":{"start":{"line":42,"column":0},"end":{"line":42,"column":47}},"42":{"start":{"line":43,"column":0},"end":{"line":43,"column":30}},"43":{"start":{"line":44,"column":0},"end":{"line":44,"column":24}},"44":{"start":{"line":45,"column":0},"end":{"line":45,"column":110}},"45":{"start":{"line":46,"column":0},"end":{"line":46,"column":44}},"46":{"start":{"line":47,"column":0},"end":{"line":47,"column":90}},"47":{"start":{"line":48,"column":0},"end":{"line":48,"column":62}},"48":{"start":{"line":49,"column":0},"end":{"line":49,"column":88}},"49":{"start":{"line":50,"column":0},"end":{"line":50,"column":12}},"50":{"start":{"line":51,"column":0},"end":{"line":51,"column":10}},"51":{"start":{"line":52,"column":0},"end":{"line":52,"column":12}},"52":{"start":{"line":53,"column":0},"end":{"line":53,"column":24}},"53":{"start":{"line":54,"column":0},"end":{"line":54,"column":79}},"55":{"start":{"line":56,"column":0},"end":{"line":56,"column":11}},"57":{"start":{"line":58,"column":0},"end":{"line":58,"column":2}}},"s":{"0":1,"14":1,"15":41,"16":41,"17":41,"18":41,"19":41,"20":41,"22":41,"23":6,"24":6,"26":41,"27":41,"28":41,"29":41,"30":41,"31":41,"32":41,"33":41,"34":41,"35":41,"36":41,"37":41,"38":41,"39":41,"40":41,"41":41,"42":41,"43":41,"44":41,"45":41,"46":41,"47":41,"48":41,"49":41,"50":41,"51":41,"52":41,"53":2,"55":41,"57":41},"branchMap":{"0":{"type":"branch","line":15,"loc":{"start":{"line":15,"column":26},"end":{"line":58,"column":2}},"locations":[{"start":{"line":15,"column":26},"end":{"line":58,"column":2}}]},"1":{"type":"branch","line":49,"loc":{"start":{"line":49,"column":19},"end":{"line":49,"column":50}},"locations":[{"start":{"line":49,"column":19},"end":{"line":49,"column":50}}]},"2":{"type":"branch","line":49,"loc":{"start":{"line":49,"column":27},"end":{"line":49,"column":88}},"locations":[{"start":{"line":49,"column":27},"end":{"line":49,"column":88}}]},"3":{"type":"branch","line":53,"loc":{"start":{"line":53,"column":14},"end":{"line":54,"column":79}},"locations":[{"start":{"line":53,"column":14},"end":{"line":54,"column":79}}]},"4":{"type":"branch","line":23,"loc":{"start":{"line":23,"column":19},"end":{"line":25,"column":4}},"locations":[{"start":{"line":23,"column":19},"end":{"line":25,"column":4}}]}},"b":{"0":[41],"1":[2],"2":[39],"3":[2],"4":[6]},"fnMap":{"0":{"name":"SearchForm","decl":{"start":{"line":15,"column":26},"end":{"line":58,"column":2}},"loc":{"start":{"line":15,"column":26},"end":{"line":58,"column":2}},"line":15},"1":{"name":"onSubmit","decl":{"start":{"line":23,"column":19},"end":{"line":25,"column":4}},"loc":{"start":{"line":23,"column":19},"end":{"line":25,"column":4}},"line":23}},"f":{"0":41,"1":6}}
,"/Users/adrienhaik/Desktop/Projects/bubblemaps-test/src/domains/Search/hooks/useSearchPairs.ts": {"path":"/Users/adrienhaik/Desktop/Projects/bubblemaps-test/src/domains/Search/hooks/useSearchPairs.ts","all":false,"statementMap":{"0":{"start":{"line":1,"column":0},"end":{"line":1,"column":49}},"6":{"start":{"line":7,"column":0},"end":{"line":7,"column":50}},"7":{"start":{"line":8,"column":0},"end":{"line":8,"column":61}},"9":{"start":{"line":10,"column":0},"end":{"line":10,"column":32}},"10":{"start":{"line":11,"column":0},"end":{"line":11,"column":37}},"11":{"start":{"line":12,"column":0},"end":{"line":12,"column":53}},"12":{"start":{"line":13,"column":0},"end":{"line":13,"column":37}},"13":{"start":{"line":14,"column":0},"end":{"line":14,"column":21}},"14":{"start":{"line":15,"column":0},"end":{"line":15,"column":13}},"15":{"start":{"line":16,"column":0},"end":{"line":16,"column":5}},"17":{"start":{"line":18,"column":0},"end":{"line":18,"column":19}},"18":{"start":{"line":19,"column":0},"end":{"line":19,"column":34}},"19":{"start":{"line":20,"column":0},"end":{"line":20,"column":61}},"20":{"start":{"line":21,"column":0},"end":{"line":21,"column":39}},"21":{"start":{"line":22,"column":0},"end":{"line":22,"column":8}},"22":{"start":{"line":23,"column":0},"end":{"line":23,"column":27}},"23":{"start":{"line":24,"column":0},"end":{"line":24,"column":50}},"24":{"start":{"line":25,"column":0},"end":{"line":25,"column":19}},"25":{"start":{"line":26,"column":0},"end":{"line":26,"column":5}},"26":{"start":{"line":27,"column":0},"end":{"line":27,"column":35}},"28":{"start":{"line":29,"column":0},"end":{"line":29,"column":21}},"29":{"start":{"line":30,"column":0},"end":{"line":30,"column":2}}},"s":{"0":1,"6":1,"7":23,"9":23,"10":23,"11":23,"12":23,"13":23,"14":23,"15":23,"17":23,"18":13,"19":4,"20":30,"21":4,"22":4,"23":13,"24":1,"25":1,"26":23,"28":23,"29":23},"branchMap":{"0":{"type":"branch","line":7,"loc":{"start":{"line":7,"column":30},"end":{"line":30,"column":2}},"locations":[{"start":{"line":7,"column":30},"end":{"line":30,"column":2}}]},"1":{"type":"branch","line":8,"loc":{"start":{"line":8,"column":34},"end":{"line":8,"column":59}},"locations":[{"start":{"line":8,"column":34},"end":{"line":8,"column":59}}]},"2":{"type":"branch","line":12,"loc":{"start":{"line":12,"column":13},"end":{"line":12,"column":53}},"locations":[{"start":{"line":12,"column":13},"end":{"line":12,"column":53}}]},"3":{"type":"branch","line":18,"loc":{"start":{"line":18,"column":12},"end":{"line":27,"column":5}},"locations":[{"start":{"line":18,"column":12},"end":{"line":27,"column":5}}]},"4":{"type":"branch","line":19,"loc":{"start":{"line":19,"column":20},"end":{"line":19,"column":33}},"locations":[{"start":{"line":19,"column":20},"end":{"line":19,"column":33}}]},"5":{"type":"branch","line":19,"loc":{"start":{"line":19,"column":33},"end":{"line":24,"column":15}},"locations":[{"start":{"line":19,"column":33},"end":{"line":24,"column":15}}]},"6":{"type":"branch","line":24,"loc":{"start":{"line":24,"column":4},"end":{"line":26,"column":5}},"locations":[{"start":{"line":24,"column":4},"end":{"line":26,"column":5}}]},"7":{"type":"branch","line":24,"loc":{"start":{"line":24,"column":27},"end":{"line":24,"column":43}},"locations":[{"start":{"line":24,"column":27},"end":{"line":24,"column":43}}]},"8":{"type":"branch","line":24,"loc":{"start":{"line":24,"column":49},"end":{"line":26,"column":5}},"locations":[{"start":{"line":24,"column":49},"end":{"line":26,"column":5}}]},"9":{"type":"branch","line":20,"loc":{"start":{"line":20,"column":52},"end":{"line":21,"column":39}},"locations":[{"start":{"line":20,"column":52},"end":{"line":21,"column":39}}]}},"b":{"0":[23],"1":[28],"2":[8],"3":[13],"4":[5],"5":[4],"6":[9],"7":[1],"8":[1],"9":[30]},"fnMap":{"0":{"name":"useSearchPairs","decl":{"start":{"line":7,"column":30},"end":{"line":30,"column":2}},"loc":{"start":{"line":7,"column":30},"end":{"line":30,"column":2}},"line":7},"1":{"name":"queryFn","decl":{"start":{"line":12,"column":13},"end":{"line":12,"column":53}},"loc":{"start":{"line":12,"column":13},"end":{"line":12,"column":53}},"line":12}},"f":{"0":23,"1":8}}
,"/Users/adrienhaik/Desktop/Projects/bubblemaps-test/src/domains/Search/models/Paginator.ts": {"path":"/Users/adrienhaik/Desktop/Projects/bubblemaps-test/src/domains/Search/models/Paginator.ts","all":false,"statementMap":{"0":{"start":{"line":1,"column":0},"end":{"line":1,"column":27}},"1":{"start":{"line":2,"column":0},"end":{"line":2,"column":21}},"2":{"start":{"line":3,"column":0},"end":{"line":3,"column":30}},"3":{"start":{"line":4,"column":0},"end":{"line":4,"column":27}},"5":{"start":{"line":6,"column":0},"end":{"line":6,"column":50}},"6":{"start":{"line":7,"column":0},"end":{"line":7,"column":23}},"7":{"start":{"line":8,"column":0},"end":{"line":8,"column":29}},"8":{"start":{"line":9,"column":0},"end":{"line":9,"column":25}},"9":{"start":{"line":10,"column":0},"end":{"line":10,"column":3}},"11":{"start":{"line":12,"column":0},"end":{"line":12,"column":28}},"12":{"start":{"line":13,"column":0},"end":{"line":13,"column":28}},"13":{"start":{"line":14,"column":0},"end":{"line":14,"column":3}},"15":{"start":{"line":16,"column":0},"end":{"line":16,"column":25}},"16":{"start":{"line":17,"column":0},"end":{"line":17,"column":25}},"17":{"start":{"line":18,"column":0},"end":{"line":18,"column":3}},"19":{"start":{"line":20,"column":0},"end":{"line":20,"column":27}},"20":{"start":{"line":21,"column":0},"end":{"line":21,"column":42}},"21":{"start":{"line":22,"column":0},"end":{"line":22,"column":56}},"22":{"start":{"line":23,"column":0},"end":{"line":23,"column":3}},"24":{"start":{"line":25,"column":0},"end":{"line":25,"column":27}},"25":{"start":{"line":26,"column":0},"end":{"line":26,"column":29}},"26":{"start":{"line":27,"column":0},"end":{"line":27,"column":3}},"28":{"start":{"line":29,"column":0},"end":{"line":29,"column":30}},"29":{"start":{"line":30,"column":0},"end":{"line":30,"column":62}},"30":{"start":{"line":31,"column":0},"end":{"line":31,"column":48}},"31":{"start":{"line":32,"column":0},"end":{"line":32,"column":50}},"32":{"start":{"line":33,"column":0},"end":{"line":33,"column":3}},"34":{"start":{"line":35,"column":0},"end":{"line":35,"column":20}},"35":{"start":{"line":36,"column":0},"end":{"line":36,"column":29}},"36":{"start":{"line":37,"column":0},"end":{"line":37,"column":25}},"37":{"start":{"line":38,"column":0},"end":{"line":38,"column":5}},"38":{"start":{"line":39,"column":0},"end":{"line":39,"column":3}},"40":{"start":{"line":41,"column":0},"end":{"line":41,"column":24}},"41":{"start":{"line":42,"column":0},"end":{"line":42,"column":33}},"42":{"start":{"line":43,"column":0},"end":{"line":43,"column":25}},"43":{"start":{"line":44,"column":0},"end":{"line":44,"column":5}},"44":{"start":{"line":45,"column":0},"end":{"line":45,"column":3}},"46":{"start":{"line":47,"column":0},"end":{"line":47,"column":32}},"47":{"start":{"line":48,"column":0},"end":{"line":48,"column":44}},"48":{"start":{"line":49,"column":0},"end":{"line":49,"column":27}},"49":{"start":{"line":50,"column":0},"end":{"line":50,"column":27}},"50":{"start":{"line":51,"column":0},"end":{"line":51,"column":13}},"51":{"start":{"line":52,"column":0},"end":{"line":52,"column":5}},"52":{"start":{"line":53,"column":0},"end":{"line":53,"column":63}},"53":{"start":{"line":54,"column":0},"end":{"line":54,"column":3}},"55":{"start":{"line":56,"column":0},"end":{"line":56,"column":25}},"56":{"start":{"line":57,"column":0},"end":{"line":57,"column":25}},"57":{"start":{"line":58,"column":0},"end":{"line":58,"column":3}},"59":{"start":{"line":60,"column":0},"end":{"line":60,"column":24}},"60":{"start":{"line":61,"column":0},"end":{"line":61,"column":44}},"61":{"start":{"line":62,"column":0},"end":{"line":62,"column":55}},"62":{"start":{"line":63,"column":0},"end":{"line":63,"column":3}},"64":{"start":{"line":65,"column":0},"end":{"line":65,"column":26}},"65":{"start":{"line":66,"column":0},"end":{"line":66,"column":51}},"66":{"start":{"line":67,"column":0},"end":{"line":67,"column":3}},"68":{"start":{"line":69,"column":0},"end":{"line":69,"column":30}},"69":{"start":{"line":70,"column":0},"end":{"line":70,"column":32}},"70":{"start":{"line":71,"column":0},"end":{"line":71,"column":3}},"72":{"start":{"line":73,"column":0},"end":{"line":73,"column":26}},"73":{"start":{"line":74,"column":0},"end":{"line":74,"column":34}},"74":{"start":{"line":75,"column":0},"end":{"line":75,"column":3}},"76":{"start":{"line":77,"column":0},"end":{"line":77,"column":25}},"77":{"start":{"line":78,"column":0},"end":{"line":78,"column":53}},"78":{"start":{"line":79,"column":0},"end":{"line":79,"column":3}},"80":{"start":{"line":81,"column":0},"end":{"line":81,"column":33}},"81":{"start":{"line":82,"column":0},"end":{"line":82,"column":23}},"82":{"start":{"line":83,"column":0},"end":{"line":83,"column":25}},"83":{"start":{"line":84,"column":0},"end":{"line":84,"column":3}},"85":{"start":{"line":86,"column":0},"end":{"line":86,"column":50}},"86":{"start":{"line":87,"column":0},"end":{"line":87,"column":34}},"87":{"start":{"line":88,"column":0},"end":{"line":88,"column":34}},"88":{"start":{"line":89,"column":0},"end":{"line":89,"column":5}},"89":{"start":{"line":90,"column":0},"end":{"line":90,"column":61}},"90":{"start":{"line":91,"column":0},"end":{"line":91,"column":71}},"91":{"start":{"line":92,"column":0},"end":{"line":92,"column":26}},"92":{"start":{"line":93,"column":0},"end":{"line":93,"column":3}},"93":{"start":{"line":94,"column":0},"end":{"line":94,"column":1}}},"s":{"0":1,"1":1,"2":63,"3":63,"5":1,"6":63,"7":63,"8":63,"9":63,"11":1,"12":40,"13":40,"15":1,"16":14,"17":14,"19":1,"20":70,"21":67,"22":70,"24":1,"25":13,"26":13,"28":1,"29":18,"30":18,"31":18,"32":18,"34":1,"35":6,"36":4,"37":4,"38":6,"40":1,"41":4,"42":2,"43":2,"44":4,"46":1,"47":34,"48":34,"49":1,"50":1,"51":1,"52":33,"53":34,"55":1,"56":1,"57":1,"59":1,"60":5,"61":5,"62":5,"64":1,"65":15,"66":15,"68":1,"69":13,"70":13,"72":1,"73":2,"74":2,"76":1,"77":2,"78":2,"80":1,"81":2,"82":2,"83":2,"85":1,"86":13,"87":1,"88":1,"89":12,"90":12,"91":12,"92":13,"93":1},"branchMap":{"0":{"type":"branch","line":2,"loc":{"start":{"line":2,"column":10},"end":{"line":4,"column":27}},"locations":[{"start":{"line":2,"column":10},"end":{"line":4,"column":27}}]},"1":{"type":"branch","line":6,"loc":{"start":{"line":6,"column":2},"end":{"line":10,"column":3}},"locations":[{"start":{"line":6,"column":2},"end":{"line":10,"column":3}}]},"2":{"type":"branch","line":12,"loc":{"start":{"line":12,"column":2},"end":{"line":14,"column":3}},"locations":[{"start":{"line":12,"column":2},"end":{"line":14,"column":3}}]},"3":{"type":"branch","line":16,"loc":{"start":{"line":16,"column":2},"end":{"line":18,"column":3}},"locations":[{"start":{"line":16,"column":2},"end":{"line":18,"column":3}}]},"4":{"type":"branch","line":20,"loc":{"start":{"line":20,"column":2},"end":{"line":23,"column":3}},"locations":[{"start":{"line":20,"column":2},"end":{"line":23,"column":3}}]},"5":{"type":"branch","line":21,"loc":{"start":{"line":21,"column":33},"end":{"line":21,"column":42}},"locations":[{"start":{"line":21,"column":33},"end":{"line":21,"column":42}}]},"6":{"type":"branch","line":21,"loc":{"start":{"line":21,"column":40},"end":{"line":22,"column":56}},"locations":[{"start":{"line":21,"column":40},"end":{"line":22,"column":56}}]},"7":{"type":"branch","line":25,"loc":{"start":{"line":25,"column":2},"end":{"line":27,"column":3}},"locations":[{"start":{"line":25,"column":2},"end":{"line":27,"column":3}}]},"8":{"type":"branch","line":29,"loc":{"start":{"line":29,"column":2},"end":{"line":33,"column":3}},"locations":[{"start":{"line":29,"column":2},"end":{"line":33,"column":3}}]},"9":{"type":"branch","line":35,"loc":{"start":{"line":35,"column":2},"end":{"line":39,"column":3}},"locations":[{"start":{"line":35,"column":2},"end":{"line":39,"column":3}}]},"10":{"type":"branch","line":36,"loc":{"start":{"line":36,"column":28},"end":{"line":38,"column":5}},"locations":[{"start":{"line":36,"column":28},"end":{"line":38,"column":5}}]},"11":{"type":"branch","line":41,"loc":{"start":{"line":41,"column":2},"end":{"line":45,"column":3}},"locations":[{"start":{"line":41,"column":2},"end":{"line":45,"column":3}}]},"12":{"type":"branch","line":42,"loc":{"start":{"line":42,"column":32},"end":{"line":44,"column":5}},"locations":[{"start":{"line":42,"column":32},"end":{"line":44,"column":5}}]},"13":{"type":"branch","line":47,"loc":{"start":{"line":47,"column":2},"end":{"line":54,"column":3}},"locations":[{"start":{"line":47,"column":2},"end":{"line":54,"column":3}}]},"14":{"type":"branch","line":49,"loc":{"start":{"line":49,"column":26},"end":{"line":52,"column":5}},"locations":[{"start":{"line":49,"column":26},"end":{"line":52,"column":5}}]},"15":{"type":"branch","line":52,"loc":{"start":{"line":52,"column":4},"end":{"line":53,"column":63}},"locations":[{"start":{"line":52,"column":4},"end":{"line":53,"column":63}}]},"16":{"type":"branch","line":56,"loc":{"start":{"line":56,"column":2},"end":{"line":58,"column":3}},"locations":[{"start":{"line":56,"column":2},"end":{"line":58,"column":3}}]},"17":{"type":"branch","line":60,"loc":{"start":{"line":60,"column":2},"end":{"line":63,"column":3}},"locations":[{"start":{"line":60,"column":2},"end":{"line":63,"column":3}}]},"18":{"type":"branch","line":62,"loc":{"start":{"line":62,"column":40},"end":{"line":62,"column":55}},"locations":[{"start":{"line":62,"column":40},"end":{"line":62,"column":55}}]},"19":{"type":"branch","line":65,"loc":{"start":{"line":65,"column":2},"end":{"line":67,"column":3}},"locations":[{"start":{"line":65,"column":2},"end":{"line":67,"column":3}}]},"20":{"type":"branch","line":69,"loc":{"start":{"line":69,"column":2},"end":{"line":71,"column":3}},"locations":[{"start":{"line":69,"column":2},"end":{"line":71,"column":3}}]},"21":{"type":"branch","line":73,"loc":{"start":{"line":73,"column":2},"end":{"line":75,"column":3}},"locations":[{"start":{"line":73,"column":2},"end":{"line":75,"column":3}}]},"22":{"type":"branch","line":77,"loc":{"start":{"line":77,"column":2},"end":{"line":79,"column":3}},"locations":[{"start":{"line":77,"column":2},"end":{"line":79,"column":3}}]},"23":{"type":"branch","line":81,"loc":{"start":{"line":81,"column":2},"end":{"line":84,"column":3}},"locations":[{"start":{"line":81,"column":2},"end":{"line":84,"column":3}}]},"24":{"type":"branch","line":86,"loc":{"start":{"line":86,"column":2},"end":{"line":93,"column":3}},"locations":[{"start":{"line":86,"column":2},"end":{"line":93,"column":3}}]},"25":{"type":"branch","line":87,"loc":{"start":{"line":87,"column":33},"end":{"line":89,"column":5}},"locations":[{"start":{"line":87,"column":33},"end":{"line":89,"column":5}}]},"26":{"type":"branch","line":89,"loc":{"start":{"line":89,"column":4},"end":{"line":92,"column":26}},"locations":[{"start":{"line":89,"column":4},"end":{"line":92,"column":26}}]}},"b":{"0":[63],"1":[63],"2":[40],"3":[14],"4":[70],"5":[3],"6":[67],"7":[13],"8":[18],"9":[6],"10":[4],"11":[4],"12":[2],"13":[34],"14":[1],"15":[33],"16":[1],"17":[5],"18":[0],"19":[15],"20":[13],"21":[2],"22":[2],"23":[2],"24":[13],"25":[1],"26":[12]},"fnMap":{"0":{"name":"<instance_members_initializer>","decl":{"start":{"line":2,"column":10},"end":{"line":4,"column":27}},"loc":{"start":{"line":2,"column":10},"end":{"line":4,"column":27}},"line":2},"1":{"name":"Paginator","decl":{"start":{"line":6,"column":2},"end":{"line":10,"column":3}},"loc":{"start":{"line":6,"column":2},"end":{"line":10,"column":3}},"line":6},"2":{"name":"getCurrentPage","decl":{"start":{"line":12,"column":2},"end":{"line":14,"column":3}},"loc":{"start":{"line":12,"column":2},"end":{"line":14,"column":3}},"line":12},"3":{"name":"getPageSize","decl":{"start":{"line":16,"column":2},"end":{"line":18,"column":3}},"loc":{"start":{"line":16,"column":2},"end":{"line":18,"column":3}},"line":16},"4":{"name":"getTotalPages","decl":{"start":{"line":20,"column":2},"end":{"line":23,"column":3}},"loc":{"start":{"line":20,"column":2},"end":{"line":23,"column":3}},"line":20},"5":{"name":"getTotalItems","decl":{"start":{"line":25,"column":2},"end":{"line":27,"column":3}},"loc":{"start":{"line":25,"column":2},"end":{"line":27,"column":3}},"line":25},"6":{"name":"getCurrentPageItems","decl":{"start":{"line":29,"column":2},"end":{"line":33,"column":3}},"loc":{"start":{"line":29,"column":2},"end":{"line":33,"column":3}},"line":29},"7":{"name":"nextPage","decl":{"start":{"line":35,"column":2},"end":{"line":39,"column":3}},"loc":{"start":{"line":35,"column":2},"end":{"line":39,"column":3}},"line":35},"8":{"name":"previousPage","decl":{"start":{"line":41,"column":2},"end":{"line":45,"column":3}},"loc":{"start":{"line":41,"column":2},"end":{"line":45,"column":3}},"line":41},"9":{"name":"goToPage","decl":{"start":{"line":47,"column":2},"end":{"line":54,"column":3}},"loc":{"start":{"line":47,"column":2},"end":{"line":54,"column":3}},"line":47},"10":{"name":"goToFirstPage","decl":{"start":{"line":56,"column":2},"end":{"line":58,"column":3}},"loc":{"start":{"line":56,"column":2},"end":{"line":58,"column":3}},"line":56},"11":{"name":"goToLastPage","decl":{"start":{"line":60,"column":2},"end":{"line":63,"column":3}},"loc":{"start":{"line":60,"column":2},"end":{"line":63,"column":3}},"line":60},"12":{"name":"hasNextPage","decl":{"start":{"line":65,"column":2},"end":{"line":67,"column":3}},"loc":{"start":{"line":65,"column":2},"end":{"line":67,"column":3}},"line":65},"13":{"name":"hasPreviousPage","decl":{"start":{"line":69,"column":2},"end":{"line":71,"column":3}},"loc":{"start":{"line":69,"column":2},"end":{"line":71,"column":3}},"line":69},"14":{"name":"isFirstPage","decl":{"start":{"line":73,"column":2},"end":{"line":75,"column":3}},"loc":{"start":{"line":73,"column":2},"end":{"line":75,"column":3}},"line":73},"15":{"name":"isLastPage","decl":{"start":{"line":77,"column":2},"end":{"line":79,"column":3}},"loc":{"start":{"line":77,"column":2},"end":{"line":79,"column":3}},"line":77},"16":{"name":"updateItems","decl":{"start":{"line":81,"column":2},"end":{"line":84,"column":3}},"loc":{"start":{"line":81,"column":2},"end":{"line":84,"column":3}},"line":81},"17":{"name":"getPageRange","decl":{"start":{"line":86,"column":2},"end":{"line":93,"column":3}},"loc":{"start":{"line":86,"column":2},"end":{"line":93,"column":3}},"line":86}},"f":{"0":63,"1":63,"2":40,"3":14,"4":70,"5":13,"6":18,"7":6,"8":4,"9":34,"10":1,"11":5,"12":15,"13":13,"14":2,"15":2,"16":2,"17":13}}
,"/Users/adrienhaik/Desktop/Projects/bubblemaps-test/src/domains/Search/models/PairToken.ts": {"path":"/Users/adrienhaik/Desktop/Projects/bubblemaps-test/src/domains/Search/models/PairToken.ts","all":false,"statementMap":{"2":{"start":{"line":3,"column":0},"end":{"line":3,"column":24}},"3":{"start":{"line":4,"column":0},"end":{"line":4,"column":27}},"4":{"start":{"line":5,"column":0},"end":{"line":5,"column":25}},"5":{"start":{"line":6,"column":0},"end":{"line":6,"column":23}},"6":{"start":{"line":7,"column":0},"end":{"line":7,"column":31}},"7":{"start":{"line":8,"column":0},"end":{"line":8,"column":29}},"8":{"start":{"line":9,"column":0},"end":{"line":9,"column":39}},"9":{"start":{"line":10,"column":0},"end":{"line":10,"column":40}},"10":{"start":{"line":11,"column":0},"end":{"line":11,"column":31}},"11":{"start":{"line":12,"column":0},"end":{"line":12,"column":29}},"12":{"start":{"line":13,"column":0},"end":{"line":13,"column":42}},"13":{"start":{"line":14,"column":0},"end":{"line":14,"column":46}},"14":{"start":{"line":15,"column":0},"end":{"line":15,"column":56}},"15":{"start":{"line":16,"column":0},"end":{"line":16,"column":52}},"16":{"start":{"line":17,"column":0},"end":{"line":17,"column":24}},"17":{"start":{"line":18,"column":0},"end":{"line":18,"column":30}},"18":{"start":{"line":19,"column":0},"end":{"line":19,"column":34}},"19":{"start":{"line":20,"column":0},"end":{"line":20,"column":42}},"20":{"start":{"line":21,"column":0},"end":{"line":21,"column":46}},"22":{"start":{"line":23,"column":0},"end":{"line":23,"column":46}},"23":{"start":{"line":24,"column":0},"end":{"line":24,"column":32}},"24":{"start":{"line":25,"column":0},"end":{"line":25,"column":28}},"25":{"start":{"line":26,"column":0},"end":{"line":26,"column":24}},"26":{"start":{"line":27,"column":0},"end":{"line":27,"column":40}},"27":{"start":{"line":28,"column":0},"end":{"line":28,"column":30}},"28":{"start":{"line":29,"column":0},"end":{"line":29,"column":36}},"29":{"start":{"line":30,"column":0},"end":{"line":30,"column":38}},"30":{"start":{"line":31,"column":0},"end":{"line":31,"column":40}},"31":{"start":{"line":32,"column":0},"end":{"line":32,"column":34}},"32":{"start":{"line":33,"column":0},"end":{"line":33,"column":26}},"33":{"start":{"line":34,"column":0},"end":{"line":34,"column":30}},"34":{"start":{"line":35,"column":0},"end":{"line":35,"column":40}},"35":{"start":{"line":36,"column":0},"end":{"line":36,"column":36}},"36":{"start":{"line":37,"column":0},"end":{"line":37,"column":24}},"37":{"start":{"line":38,"column":0},"end":{"line":38,"column":36}},"38":{"start":{"line":39,"column":0},"end":{"line":39,"column":44}},"39":{"start":{"line":40,"column":0},"end":{"line":40,"column":26}},"40":{"start":{"line":41,"column":0},"end":{"line":41,"column":30}},"41":{"start":{"line":42,"column":0},"end":{"line":42,"column":3}},"43":{"start":{"line":44,"column":0},"end":{"line":44,"column":60}},"44":{"start":{"line":45,"column":0},"end":{"line":45,"column":31}},"45":{"start":{"line":46,"column":0},"end":{"line":46,"column":3}},"47":{"start":{"line":48,"column":0},"end":{"line":48,"column":26}},"48":{"start":{"line":49,"column":0},"end":{"line":49,"column":64}},"49":{"start":{"line":50,"column":0},"end":{"line":50,"column":3}},"51":{"start":{"line":52,"column":0},"end":{"line":52,"column":35}},"52":{"start":{"line":53,"column":0},"end":{"line":53,"column":37}},"53":{"start":{"line":54,"column":0},"end":{"line":54,"column":31}},"54":{"start":{"line":55,"column":0},"end":{"line":55,"column":3}},"56":{"start":{"line":57,"column":0},"end":{"line":57,"column":27}},"57":{"start":{"line":58,"column":0},"end":{"line":58,"column":33}},"58":{"start":{"line":59,"column":0},"end":{"line":59,"column":3}},"60":{"start":{"line":61,"column":0},"end":{"line":61,"column":32}},"61":{"start":{"line":62,"column":0},"end":{"line":62,"column":38}},"62":{"start":{"line":63,"column":0},"end":{"line":63,"column":3}},"64":{"start":{"line":65,"column":0},"end":{"line":65,"column":36}},"65":{"start":{"line":66,"column":0},"end":{"line":66,"column":43}},"66":{"start":{"line":67,"column":0},"end":{"line":67,"column":53}},"67":{"start":{"line":68,"column":0},"end":{"line":68,"column":3}},"69":{"start":{"line":70,"column":0},"end":{"line":70,"column":32}},"70":{"start":{"line":71,"column":0},"end":{"line":71,"column":35}},"71":{"start":{"line":72,"column":0},"end":{"line":72,"column":3}},"73":{"start":{"line":74,"column":0},"end":{"line":74,"column":33}},"74":{"start":{"line":75,"column":0},"end":{"line":75,"column":41}},"75":{"start":{"line":76,"column":0},"end":{"line":76,"column":40}},"76":{"start":{"line":77,"column":0},"end":{"line":77,"column":3}},"77":{"start":{"line":78,"column":0},"end":{"line":78,"column":1}}},"s":{"2":1,"3":1,"4":345,"5":345,"6":345,"7":345,"8":345,"9":345,"10":345,"11":345,"12":345,"13":345,"14":345,"15":345,"16":345,"17":345,"18":345,"19":345,"20":345,"22":1,"23":345,"24":345,"25":345,"26":345,"27":345,"28":345,"29":345,"30":345,"31":345,"32":345,"33":345,"34":345,"35":345,"36":345,"37":345,"38":345,"39":345,"40":345,"41":345,"43":1,"44":345,"45":345,"47":1,"48":56,"49":56,"51":1,"52":57,"53":56,"54":57,"56":1,"57":57,"58":57,"60":1,"61":114,"62":114,"64":1,"65":57,"66":56,"67":57,"69":1,"70":57,"71":57,"73":1,"74":2,"75":1,"76":2,"77":1},"branchMap":{"0":{"type":"branch","line":4,"loc":{"start":{"line":4,"column":11},"end":{"line":21,"column":46}},"locations":[{"start":{"line":4,"column":11},"end":{"line":21,"column":46}}]},"1":{"type":"branch","line":23,"loc":{"start":{"line":23,"column":10},"end":{"line":42,"column":3}},"locations":[{"start":{"line":23,"column":10},"end":{"line":42,"column":3}}]},"2":{"type":"branch","line":44,"loc":{"start":{"line":44,"column":9},"end":{"line":46,"column":3}},"locations":[{"start":{"line":44,"column":9},"end":{"line":46,"column":3}}]},"3":{"type":"branch","line":48,"loc":{"start":{"line":48,"column":2},"end":{"line":50,"column":3}},"locations":[{"start":{"line":48,"column":2},"end":{"line":50,"column":3}}]},"4":{"type":"branch","line":52,"loc":{"start":{"line":52,"column":2},"end":{"line":55,"column":3}},"locations":[{"start":{"line":52,"column":2},"end":{"line":55,"column":3}}]},"5":{"type":"branch","line":53,"loc":{"start":{"line":53,"column":24},"end":{"line":54,"column":31}},"locations":[{"start":{"line":53,"column":24},"end":{"line":54,"column":31}}]},"6":{"type":"branch","line":53,"loc":{"start":{"line":53,"column":24},"end":{"line":53,"column":37}},"locations":[{"start":{"line":53,"column":24},"end":{"line":53,"column":37}}]},"7":{"type":"branch","line":57,"loc":{"start":{"line":57,"column":2},"end":{"line":59,"column":3}},"locations":[{"start":{"line":57,"column":2},"end":{"line":59,"column":3}}]},"8":{"type":"branch","line":58,"loc":{"start":{"line":58,"column":16},"end":{"line":58,"column":31}},"locations":[{"start":{"line":58,"column":16},"end":{"line":58,"column":31}}]},"9":{"type":"branch","line":58,"loc":{"start":{"line":58,"column":24},"end":{"line":58,"column":33}},"locations":[{"start":{"line":58,"column":24},"end":{"line":58,"column":33}}]},"10":{"type":"branch","line":61,"loc":{"start":{"line":61,"column":2},"end":{"line":63,"column":3}},"locations":[{"start":{"line":61,"column":2},"end":{"line":63,"column":3}}]},"11":{"type":"branch","line":62,"loc":{"start":{"line":62,"column":16},"end":{"line":62,"column":36}},"locations":[{"start":{"line":62,"column":16},"end":{"line":62,"column":36}}]},"12":{"type":"branch","line":62,"loc":{"start":{"line":62,"column":29},"end":{"line":62,"column":38}},"locations":[{"start":{"line":62,"column":29},"end":{"line":62,"column":38}}]},"13":{"type":"branch","line":65,"loc":{"start":{"line":65,"column":2},"end":{"line":68,"column":3}},"locations":[{"start":{"line":65,"column":2},"end":{"line":68,"column":3}}]},"14":{"type":"branch","line":66,"loc":{"start":{"line":66,"column":14},"end":{"line":66,"column":30}},"locations":[{"start":{"line":66,"column":14},"end":{"line":66,"column":30}}]},"15":{"type":"branch","line":66,"loc":{"start":{"line":66,"column":30},"end":{"line":67,"column":53}},"locations":[{"start":{"line":66,"column":30},"end":{"line":67,"column":53}}]},"16":{"type":"branch","line":66,"loc":{"start":{"line":66,"column":30},"end":{"line":66,"column":43}},"locations":[{"start":{"line":66,"column":30},"end":{"line":66,"column":43}}]},"17":{"type":"branch","line":70,"loc":{"start":{"line":70,"column":2},"end":{"line":72,"column":3}},"locations":[{"start":{"line":70,"column":2},"end":{"line":72,"column":3}}]},"18":{"type":"branch","line":74,"loc":{"start":{"line":74,"column":2},"end":{"line":77,"column":3}},"locations":[{"start":{"line":74,"column":2},"end":{"line":77,"column":3}}]},"19":{"type":"branch","line":75,"loc":{"start":{"line":75,"column":29},"end":{"line":76,"column":40}},"locations":[{"start":{"line":75,"column":29},"end":{"line":76,"column":40}}]}},"b":{"0":[345],"1":[345],"2":[345],"3":[56],"4":[57],"5":[56],"6":[1],"7":[57],"8":[56],"9":[1],"10":[114],"11":[113],"12":[1],"13":[57],"14":[56],"15":[56],"16":[1],"17":[57],"18":[2],"19":[1]},"fnMap":{"0":{"name":"<instance_members_initializer>","decl":{"start":{"line":4,"column":11},"end":{"line":21,"column":46}},"loc":{"start":{"line":4,"column":11},"end":{"line":21,"column":46}},"line":4},"1":{"name":"PairToken","decl":{"start":{"line":23,"column":10},"end":{"line":42,"column":3}},"loc":{"start":{"line":23,"column":10},"end":{"line":42,"column":3}},"line":23},"2":{"name":"fromDexScreener","decl":{"start":{"line":44,"column":9},"end":{"line":46,"column":3}},"loc":{"start":{"line":44,"column":9},"end":{"line":46,"column":3}},"line":44},"3":{"name":"get pairName","decl":{"start":{"line":48,"column":2},"end":{"line":50,"column":3}},"loc":{"start":{"line":48,"column":2},"end":{"line":50,"column":3}},"line":48},"4":{"name":"get formattedPriceUsd","decl":{"start":{"line":52,"column":2},"end":{"line":55,"column":3}},"loc":{"start":{"line":52,"column":2},"end":{"line":55,"column":3}},"line":52},"5":{"name":"get volume24h","decl":{"start":{"line":57,"column":2},"end":{"line":59,"column":3}},"loc":{"start":{"line":57,"column":2},"end":{"line":59,"column":3}},"line":57},"6":{"name":"get priceChange24h","decl":{"start":{"line":61,"column":2},"end":{"line":63,"column":3}},"loc":{"start":{"line":61,"column":2},"end":{"line":63,"column":3}},"line":61},"7":{"name":"get formattedLiquidity","decl":{"start":{"line":65,"column":2},"end":{"line":68,"column":3}},"loc":{"start":{"line":65,"column":2},"end":{"line":68,"column":3}},"line":65},"8":{"name":"isPriceIncreasing","decl":{"start":{"line":70,"column":2},"end":{"line":72,"column":3}},"loc":{"start":{"line":70,"column":2},"end":{"line":72,"column":3}},"line":70},"9":{"name":"getCreatedDate","decl":{"start":{"line":74,"column":2},"end":{"line":77,"column":3}},"loc":{"start":{"line":74,"column":2},"end":{"line":77,"column":3}},"line":74}},"f":{"0":345,"1":345,"2":345,"3":56,"4":57,"5":57,"6":114,"7":57,"8":57,"9":2}}
,"/Users/adrienhaik/Desktop/Projects/bubblemaps-test/src/domains/Search/pages/SearchPage.tsx": {"path":"/Users/adrienhaik/Desktop/Projects/bubblemaps-test/src/domains/Search/pages/SearchPage.tsx","all":false,"statementMap":{"0":{"start":{"line":1,"column":0},"end":{"line":1,"column":42}},"13":{"start":{"line":14,"column":0},"end":{"line":14,"column":33}},"14":{"start":{"line":15,"column":0},"end":{"line":15,"column":33}},"15":{"start":{"line":16,"column":0},"end":{"line":16,"column":53}},"16":{"start":{"line":17,"column":0},"end":{"line":17,"column":56}},"18":{"start":{"line":19,"column":0},"end":{"line":19,"column":41}},"19":{"start":{"line":20,"column":0},"end":{"line":20,"column":68}},"21":{"start":{"line":22,"column":0},"end":{"line":22,"column":43}},"22":{"start":{"line":23,"column":0},"end":{"line":23,"column":26}},"23":{"start":{"line":24,"column":0},"end":{"line":24,"column":25}},"24":{"start":{"line":25,"column":0},"end":{"line":25,"column":4}},"26":{"start":{"line":27,"column":0},"end":{"line":27,"column":42}},"27":{"start":{"line":28,"column":0},"end":{"line":28,"column":43}},"28":{"start":{"line":29,"column":0},"end":{"line":29,"column":18}},"30":{"start":{"line":31,"column":0},"end":{"line":31,"column":32}},"31":{"start":{"line":32,"column":0},"end":{"line":32,"column":41}},"32":{"start":{"line":33,"column":0},"end":{"line":33,"column":4}},"34":{"start":{"line":35,"column":0},"end":{"line":35,"column":36}},"35":{"start":{"line":36,"column":0},"end":{"line":36,"column":45}},"36":{"start":{"line":37,"column":0},"end":{"line":37,"column":4}},"38":{"start":{"line":39,"column":0},"end":{"line":39,"column":44}},"39":{"start":{"line":40,"column":0},"end":{"line":40,"column":45}},"40":{"start":{"line":41,"column":0},"end":{"line":41,"column":4}},"42":{"start":{"line":43,"column":0},"end":{"line":43,"column":37}},"43":{"start":{"line":44,"column":0},"end":{"line":44,"column":42}},"44":{"start":{"line":45,"column":0},"end":{"line":45,"column":4}},"46":{"start":{"line":47,"column":0},"end":{"line":47,"column":36}},"47":{"start":{"line":48,"column":0},"end":{"line":48,"column":66}},"48":{"start":{"line":49,"column":0},"end":{"line":49,"column":4}},"50":{"start":{"line":51,"column":0},"end":{"line":51,"column":10}},"51":{"start":{"line":52,"column":0},"end":{"line":52,"column":48}},"52":{"start":{"line":53,"column":0},"end":{"line":53,"column":83}},"53":{"start":{"line":54,"column":0},"end":{"line":54,"column":51}},"54":{"start":{"line":55,"column":0},"end":{"line":55,"column":85}},"55":{"start":{"line":56,"column":0},"end":{"line":56,"column":32}},"56":{"start":{"line":57,"column":0},"end":{"line":57,"column":29}},"57":{"start":{"line":58,"column":0},"end":{"line":58,"column":16}},"58":{"start":{"line":59,"column":0},"end":{"line":59,"column":39}},"59":{"start":{"line":60,"column":0},"end":{"line":60,"column":105}},"60":{"start":{"line":61,"column":0},"end":{"line":61,"column":30}},"61":{"start":{"line":62,"column":0},"end":{"line":62,"column":17}},"62":{"start":{"line":63,"column":0},"end":{"line":63,"column":93}},"63":{"start":{"line":64,"column":0},"end":{"line":64,"column":36}},"64":{"start":{"line":65,"column":0},"end":{"line":65,"column":16}},"65":{"start":{"line":66,"column":0},"end":{"line":66,"column":16}},"66":{"start":{"line":67,"column":0},"end":{"line":67,"column":17}},"68":{"start":{"line":69,"column":0},"end":{"line":69,"column":48}},"69":{"start":{"line":70,"column":0},"end":{"line":70,"column":70}},"70":{"start":{"line":71,"column":0},"end":{"line":71,"column":14}},"72":{"start":{"line":73,"column":0},"end":{"line":73,"column":39}},"74":{"start":{"line":75,"column":0},"end":{"line":75,"column":82}},"76":{"start":{"line":77,"column":0},"end":{"line":77,"column":67}},"77":{"start":{"line":78,"column":0},"end":{"line":78,"column":50}},"80":{"start":{"line":81,"column":0},"end":{"line":81,"column":65}},"81":{"start":{"line":82,"column":0},"end":{"line":82,"column":12}},"82":{"start":{"line":83,"column":0},"end":{"line":83,"column":119}},"83":{"start":{"line":84,"column":0},"end":{"line":84,"column":47}},"84":{"start":{"line":85,"column":0},"end":{"line":85,"column":63}},"85":{"start":{"line":86,"column":0},"end":{"line":86,"column":17}},"86":{"start":{"line":87,"column":0},"end":{"line":87,"column":18}},"88":{"start":{"line":89,"column":0},"end":{"line":89,"column":23}},"89":{"start":{"line":90,"column":0},"end":{"line":90,"column":54}},"90":{"start":{"line":91,"column":0},"end":{"line":91,"column":52}},"91":{"start":{"line":92,"column":0},"end":{"line":92,"column":43}},"92":{"start":{"line":93,"column":0},"end":{"line":93,"column":37}},"93":{"start":{"line":94,"column":0},"end":{"line":94,"column":45}},"94":{"start":{"line":95,"column":0},"end":{"line":95,"column":43}},"95":{"start":{"line":96,"column":0},"end":{"line":96,"column":41}},"96":{"start":{"line":97,"column":0},"end":{"line":97,"column":47}},"97":{"start":{"line":98,"column":0},"end":{"line":98,"column":55}},"98":{"start":{"line":99,"column":0},"end":{"line":99,"column":50}},"99":{"start":{"line":100,"column":0},"end":{"line":100,"column":52}},"100":{"start":{"line":101,"column":0},"end":{"line":101,"column":14}},"101":{"start":{"line":102,"column":0},"end":{"line":102,"column":13}},"103":{"start":{"line":104,"column":0},"end":{"line":104,"column":12}},"104":{"start":{"line":105,"column":0},"end":{"line":105,"column":10}},"106":{"start":{"line":107,"column":0},"end":{"line":107,"column":2}}},"s":{"0":1,"13":1,"14":20,"15":20,"16":20,"18":20,"19":20,"21":20,"22":5,"23":5,"24":5,"26":20,"27":10,"28":20,"30":20,"31":0,"32":0,"34":20,"35":0,"36":0,"38":20,"39":0,"40":0,"42":20,"43":0,"44":0,"46":20,"47":0,"48":0,"50":20,"51":20,"52":20,"53":20,"54":20,"55":20,"56":20,"57":20,"58":20,"59":20,"60":20,"61":20,"62":20,"63":20,"64":20,"65":20,"66":20,"68":20,"69":20,"70":20,"72":20,"74":20,"76":20,"77":7,"80":20,"81":7,"82":7,"83":7,"84":44,"85":7,"86":7,"88":7,"89":7,"90":7,"91":7,"92":7,"93":7,"94":7,"95":7,"96":7,"97":7,"98":7,"99":7,"100":7,"101":7,"103":20,"104":20,"106":20},"branchMap":{"0":{"type":"branch","line":14,"loc":{"start":{"line":14,"column":26},"end":{"line":107,"column":2}},"locations":[{"start":{"line":14,"column":26},"end":{"line":107,"column":2}}]},"1":{"type":"branch","line":73,"loc":{"start":{"line":73,"column":9},"end":{"line":73,"column":39}},"locations":[{"start":{"line":73,"column":9},"end":{"line":73,"column":39}}]},"2":{"type":"branch","line":75,"loc":{"start":{"line":75,"column":9},"end":{"line":75,"column":82}},"locations":[{"start":{"line":75,"column":9},"end":{"line":75,"column":82}}]},"3":{"type":"branch","line":77,"loc":{"start":{"line":77,"column":10},"end":{"line":77,"column":33}},"locations":[{"start":{"line":77,"column":10},"end":{"line":77,"column":33}}]},"4":{"type":"branch","line":77,"loc":{"start":{"line":77,"column":24},"end":{"line":77,"column":67}},"locations":[{"start":{"line":77,"column":24},"end":{"line":77,"column":67}}]},"5":{"type":"branch","line":77,"loc":{"start":{"line":77,"column":61},"end":{"line":78,"column":50}},"locations":[{"start":{"line":77,"column":61},"end":{"line":78,"column":50}}]},"6":{"type":"branch","line":81,"loc":{"start":{"line":81,"column":10},"end":{"line":81,"column":33}},"locations":[{"start":{"line":81,"column":10},"end":{"line":81,"column":33}}]},"7":{"type":"branch","line":81,"loc":{"start":{"line":81,"column":24},"end":{"line":81,"column":65}},"locations":[{"start":{"line":81,"column":24},"end":{"line":81,"column":65}}]},"8":{"type":"branch","line":81,"loc":{"start":{"line":81,"column":59},"end":{"line":102,"column":13}},"locations":[{"start":{"line":81,"column":59},"end":{"line":102,"column":13}}]},"9":{"type":"branch","line":22,"loc":{"start":{"line":22,"column":23},"end":{"line":25,"column":4}},"locations":[{"start":{"line":22,"column":23},"end":{"line":25,"column":4}}]},"10":{"type":"branch","line":27,"loc":{"start":{"line":27,"column":35},"end":{"line":29,"column":5}},"locations":[{"start":{"line":27,"column":35},"end":{"line":29,"column":5}}]},"11":{"type":"branch","line":84,"loc":{"start":{"line":84,"column":36},"end":{"line":85,"column":63}},"locations":[{"start":{"line":84,"column":36},"end":{"line":85,"column":63}}]}},"b":{"0":[20],"1":[5],"2":[1],"3":[15],"4":[14],"5":[7],"6":[15],"7":[14],"8":[7],"9":[5],"10":[10],"11":[44]},"fnMap":{"0":{"name":"SearchPage","decl":{"start":{"line":14,"column":26},"end":{"line":107,"column":2}},"loc":{"start":{"line":14,"column":26},"end":{"line":107,"column":2}},"line":14},"1":{"name":"handleSearch","decl":{"start":{"line":22,"column":23},"end":{"line":25,"column":4}},"loc":{"start":{"line":22,"column":23},"end":{"line":25,"column":4}},"line":22},"2":{"name":"handleNextPage","decl":{"start":{"line":31,"column":25},"end":{"line":33,"column":4}},"loc":{"start":{"line":31,"column":25},"end":{"line":33,"column":4}},"line":31},"3":{"name":"handlePreviousPage","decl":{"start":{"line":35,"column":29},"end":{"line":37,"column":4}},"loc":{"start":{"line":35,"column":29},"end":{"line":37,"column":4}},"line":35},"4":{"name":"handleGoToPage","decl":{"start":{"line":39,"column":25},"end":{"line":41,"column":4}},"loc":{"start":{"line":39,"column":25},"end":{"line":41,"column":4}},"line":39},"5":{"name":"handleGoToFirstPage","decl":{"start":{"line":43,"column":30},"end":{"line":45,"column":4}},"loc":{"start":{"line":43,"column":30},"end":{"line":45,"column":4}},"line":43},"6":{"name":"handleGoToLastPage","decl":{"start":{"line":47,"column":29},"end":{"line":49,"column":4}},"loc":{"start":{"line":47,"column":29},"end":{"line":49,"column":4}},"line":47},"7":{"name":"onRetry","decl":{"start":{"line":75,"column":62},"end":{"line":75,"column":79}},"loc":{"start":{"line":75,"column":62},"end":{"line":75,"column":79}},"line":75}},"f":{"0":20,"1":5,"2":0,"3":0,"4":0,"5":0,"6":0,"7":0}}
,"/Users/adrienhaik/Desktop/Projects/bubblemaps-test/src/domains/Search/store/searchStore.ts": {"path":"/Users/adrienhaik/Desktop/Projects/bubblemaps-test/src/domains/Search/store/searchStore.ts","all":false,"statementMap":{"0":{"start":{"line":1,"column":0},"end":{"line":1,"column":33}},"24":{"start":{"line":25,"column":0},"end":{"line":25,"column":66}},"25":{"start":{"line":26,"column":0},"end":{"line":26,"column":18}},"26":{"start":{"line":27,"column":0},"end":{"line":27,"column":14}},"27":{"start":{"line":28,"column":0},"end":{"line":28,"column":12}},"28":{"start":{"line":29,"column":0},"end":{"line":29,"column":46}},"30":{"start":{"line":31,"column":0},"end":{"line":31,"column":38}},"31":{"start":{"line":32,"column":0},"end":{"line":32,"column":32}},"32":{"start":{"line":33,"column":0},"end":{"line":33,"column":4}},"34":{"start":{"line":35,"column":0},"end":{"line":35,"column":43}},"35":{"start":{"line":36,"column":0},"end":{"line":36,"column":21}},"36":{"start":{"line":37,"column":0},"end":{"line":37,"column":4}},"38":{"start":{"line":39,"column":0},"end":{"line":39,"column":37}},"39":{"start":{"line":40,"column":0},"end":{"line":40,"column":58}},"40":{"start":{"line":41,"column":0},"end":{"line":41,"column":30}},"41":{"start":{"line":42,"column":0},"end":{"line":42,"column":4}},"43":{"start":{"line":44,"column":0},"end":{"line":44,"column":19}},"44":{"start":{"line":45,"column":0},"end":{"line":45,"column":32}},"45":{"start":{"line":46,"column":0},"end":{"line":46,"column":25}},"46":{"start":{"line":47,"column":0},"end":{"line":47,"column":83}},"47":{"start":{"line":48,"column":0},"end":{"line":48,"column":57}},"48":{"start":{"line":49,"column":0},"end":{"line":49,"column":4}},"50":{"start":{"line":51,"column":0},"end":{"line":51,"column":23}},"51":{"start":{"line":52,"column":0},"end":{"line":52,"column":32}},"52":{"start":{"line":53,"column":0},"end":{"line":53,"column":29}},"53":{"start":{"line":54,"column":0},"end":{"line":54,"column":83}},"54":{"start":{"line":55,"column":0},"end":{"line":55,"column":57}},"55":{"start":{"line":56,"column":0},"end":{"line":56,"column":4}},"57":{"start":{"line":58,"column":0},"end":{"line":58,"column":31}},"58":{"start":{"line":59,"column":0},"end":{"line":59,"column":32}},"59":{"start":{"line":60,"column":0},"end":{"line":60,"column":29}},"60":{"start":{"line":61,"column":0},"end":{"line":61,"column":83}},"61":{"start":{"line":62,"column":0},"end":{"line":62,"column":35}},"62":{"start":{"line":63,"column":0},"end":{"line":63,"column":4}},"64":{"start":{"line":65,"column":0},"end":{"line":65,"column":23}},"65":{"start":{"line":66,"column":0},"end":{"line":66,"column":25}},"66":{"start":{"line":67,"column":0},"end":{"line":67,"column":4}},"67":{"start":{"line":68,"column":0},"end":{"line":68,"column":4}}},"s":{"0":1,"24":1,"25":3,"26":3,"27":3,"28":3,"30":3,"31":5,"32":5,"34":3,"35":4,"36":4,"38":3,"39":19,"40":19,"41":19,"43":3,"44":2,"45":2,"46":2,"47":2,"48":2,"50":3,"51":2,"52":2,"53":2,"54":2,"55":2,"57":3,"58":7,"59":7,"60":7,"61":7,"62":7,"64":3,"65":1,"66":1,"67":1},"branchMap":{"0":{"type":"branch","line":25,"loc":{"start":{"line":25,"column":50},"end":{"line":68,"column":2}},"locations":[{"start":{"line":25,"column":50},"end":{"line":68,"column":2}}]},"1":{"type":"branch","line":31,"loc":{"start":{"line":31,"column":18},"end":{"line":33,"column":4}},"locations":[{"start":{"line":31,"column":18},"end":{"line":33,"column":4}}]},"2":{"type":"branch","line":35,"loc":{"start":{"line":35,"column":14},"end":{"line":37,"column":4}},"locations":[{"start":{"line":35,"column":14},"end":{"line":37,"column":4}}]},"3":{"type":"branch","line":39,"loc":{"start":{"line":39,"column":12},"end":{"line":42,"column":4}},"locations":[{"start":{"line":39,"column":12},"end":{"line":42,"column":4}}]},"4":{"type":"branch","line":44,"loc":{"start":{"line":44,"column":12},"end":{"line":49,"column":4}},"locations":[{"start":{"line":44,"column":12},"end":{"line":49,"column":4}}]},"5":{"type":"branch","line":51,"loc":{"start":{"line":51,"column":16},"end":{"line":56,"column":4}},"locations":[{"start":{"line":51,"column":16},"end":{"line":56,"column":4}}]},"6":{"type":"branch","line":58,"loc":{"start":{"line":58,"column":12},"end":{"line":63,"column":4}},"locations":[{"start":{"line":58,"column":12},"end":{"line":63,"column":4}}]},"7":{"type":"branch","line":65,"loc":{"start":{"line":65,"column":16},"end":{"line":67,"column":4}},"locations":[{"start":{"line":65,"column":16},"end":{"line":67,"column":4}}]}},"b":{"0":[3],"1":[5],"2":[4],"3":[19],"4":[2],"5":[2],"6":[7],"7":[1]},"fnMap":{"0":{"name":"setSearchQuery","decl":{"start":{"line":31,"column":18},"end":{"line":33,"column":4}},"loc":{"start":{"line":31,"column":18},"end":{"line":33,"column":4}},"line":31},"1":{"name":"setFilters","decl":{"start":{"line":35,"column":14},"end":{"line":37,"column":4}},"loc":{"start":{"line":35,"column":14},"end":{"line":37,"column":4}},"line":35},"2":{"name":"setPairs","decl":{"start":{"line":39,"column":12},"end":{"line":42,"column":4}},"loc":{"start":{"line":39,"column":12},"end":{"line":42,"column":4}},"line":39},"3":{"name":"nextPage","decl":{"start":{"line":44,"column":12},"end":{"line":49,"column":4}},"loc":{"start":{"line":44,"column":12},"end":{"line":49,"column":4}},"line":44},"4":{"name":"previousPage","decl":{"start":{"line":51,"column":16},"end":{"line":56,"column":4}},"loc":{"start":{"line":51,"column":16},"end":{"line":56,"column":4}},"line":51},"5":{"name":"goToPage","decl":{"start":{"line":58,"column":12},"end":{"line":63,"column":4}},"loc":{"start":{"line":58,"column":12},"end":{"line":63,"column":4}},"line":58},"6":{"name":"resetFilters","decl":{"start":{"line":65,"column":16},"end":{"line":67,"column":4}},"loc":{"start":{"line":65,"column":16},"end":{"line":67,"column":4}},"line":65}},"f":{"0":5,"1":4,"2":19,"3":2,"4":2,"5":7,"6":1}}
,"/Users/adrienhaik/Desktop/Projects/bubblemaps-test/src/lib/utils.ts": {"path":"/Users/adrienhaik/Desktop/Projects/bubblemaps-test/src/lib/utils.ts","all":false,"statementMap":{"0":{"start":{"line":1,"column":0},"end":{"line":1,"column":45}},"3":{"start":{"line":4,"column":0},"end":{"line":4,"column":45}},"4":{"start":{"line":5,"column":0},"end":{"line":5,"column":31}},"5":{"start":{"line":6,"column":0},"end":{"line":6,"column":1}},"7":{"start":{"line":8,"column":0},"end":{"line":8,"column":51}},"8":{"start":{"line":9,"column":0},"end":{"line":9,"column":29}},"9":{"start":{"line":10,"column":0},"end":{"line":10,"column":50}},"10":{"start":{"line":11,"column":0},"end":{"line":11,"column":3}},"11":{"start":{"line":12,"column":0},"end":{"line":12,"column":25}},"12":{"start":{"line":13,"column":0},"end":{"line":13,"column":46}},"13":{"start":{"line":14,"column":0},"end":{"line":14,"column":3}},"14":{"start":{"line":15,"column":0},"end":{"line":15,"column":21}},"15":{"start":{"line":16,"column":0},"end":{"line":16,"column":42}},"16":{"start":{"line":17,"column":0},"end":{"line":17,"column":3}},"17":{"start":{"line":18,"column":0},"end":{"line":18,"column":24}},"18":{"start":{"line":19,"column":0},"end":{"line":19,"column":1}},"20":{"start":{"line":21,"column":0},"end":{"line":21,"column":53}},"21":{"start":{"line":22,"column":0},"end":{"line":22,"column":41}},"22":{"start":{"line":23,"column":0},"end":{"line":23,"column":22}},"23":{"start":{"line":24,"column":0},"end":{"line":24,"column":20}},"24":{"start":{"line":25,"column":0},"end":{"line":25,"column":29}},"25":{"start":{"line":26,"column":0},"end":{"line":26,"column":29}},"26":{"start":{"line":27,"column":0},"end":{"line":27,"column":17}},"27":{"start":{"line":28,"column":0},"end":{"line":28,"column":1}},"29":{"start":{"line":30,"column":0},"end":{"line":30,"column":55}},"30":{"start":{"line":31,"column":0},"end":{"line":31,"column":34}},"31":{"start":{"line":32,"column":0},"end":{"line":32,"column":37}},"32":{"start":{"line":33,"column":0},"end":{"line":33,"column":1}}},"s":{"0":1,"3":1,"4":311,"5":311,"7":1,"8":113,"9":1,"10":1,"11":113,"12":110,"13":110,"14":4,"15":1,"16":1,"17":1,"18":1,"20":1,"21":3,"22":3,"23":3,"24":3,"25":3,"26":3,"27":3,"29":1,"30":55,"31":55,"32":55},"branchMap":{"0":{"type":"branch","line":4,"loc":{"start":{"line":4,"column":7},"end":{"line":6,"column":1}},"locations":[{"start":{"line":4,"column":7},"end":{"line":6,"column":1}}]},"1":{"type":"branch","line":8,"loc":{"start":{"line":8,"column":7},"end":{"line":19,"column":1}},"locations":[{"start":{"line":8,"column":7},"end":{"line":19,"column":1}}]},"2":{"type":"branch","line":9,"loc":{"start":{"line":9,"column":28},"end":{"line":11,"column":3}},"locations":[{"start":{"line":9,"column":28},"end":{"line":11,"column":3}}]},"3":{"type":"branch","line":11,"loc":{"start":{"line":11,"column":2},"end":{"line":12,"column":24}},"locations":[{"start":{"line":11,"column":2},"end":{"line":12,"column":24}}]},"4":{"type":"branch","line":12,"loc":{"start":{"line":12,"column":24},"end":{"line":14,"column":3}},"locations":[{"start":{"line":12,"column":24},"end":{"line":14,"column":3}}]},"5":{"type":"branch","line":14,"loc":{"start":{"line":14,"column":2},"end":{"line":19,"column":1}},"locations":[{"start":{"line":14,"column":2},"end":{"line":19,"column":1}}]},"6":{"type":"branch","line":14,"loc":{"start":{"line":14,"column":2},"end":{"line":15,"column":20}},"locations":[{"start":{"line":14,"column":2},"end":{"line":15,"column":20}}]},"7":{"type":"branch","line":15,"loc":{"start":{"line":15,"column":20},"end":{"line":19,"column":1}},"locations":[{"start":{"line":15,"column":20},"end":{"line":19,"column":1}}]},"8":{"type":"branch","line":21,"loc":{"start":{"line":21,"column":7},"end":{"line":28,"column":1}},"locations":[{"start":{"line":21,"column":7},"end":{"line":28,"column":1}}]},"9":{"type":"branch","line":30,"loc":{"start":{"line":30,"column":7},"end":{"line":33,"column":1}},"locations":[{"start":{"line":30,"column":7},"end":{"line":33,"column":1}}]},"10":{"type":"branch","line":31,"loc":{"start":{"line":31,"column":21},"end":{"line":31,"column":31}},"locations":[{"start":{"line":31,"column":21},"end":{"line":31,"column":31}}]},"11":{"type":"branch","line":31,"loc":{"start":{"line":31,"column":25},"end":{"line":31,"column":34}},"locations":[{"start":{"line":31,"column":25},"end":{"line":31,"column":34}}]}},"b":{"0":[311],"1":[113],"2":[1],"3":[112],"4":[110],"5":[4],"6":[2],"7":[1],"8":[3],"9":[55],"10":[54],"11":[1]},"fnMap":{"0":{"name":"cn","decl":{"start":{"line":4,"column":7},"end":{"line":6,"column":1}},"loc":{"start":{"line":4,"column":7},"end":{"line":6,"column":1}},"line":4},"1":{"name":"formatNumber","decl":{"start":{"line":8,"column":7},"end":{"line":19,"column":1}},"loc":{"start":{"line":8,"column":7},"end":{"line":19,"column":1}},"line":8},"2":{"name":"formatCurrency","decl":{"start":{"line":21,"column":7},"end":{"line":28,"column":1}},"loc":{"start":{"line":21,"column":7},"end":{"line":28,"column":1}},"line":21},"3":{"name":"formatPercentage","decl":{"start":{"line":30,"column":7},"end":{"line":33,"column":1}},"loc":{"start":{"line":30,"column":7},"end":{"line":33,"column":1}},"line":30}},"f":{"0":311,"1":113,"2":3,"3":55}}
}
